#
# There is insufficient memory for the Java Runtime Environment to continue.
# Native memory allocation (malloc) failed to allocate 61616 bytes for Chunk::new
# Possible reasons:
#   The system is out of physical RAM or swap space
#   In 32 bit mode, the process size limit was hit
# Possible solutions:
#   Reduce memory load on the system
#   Increase physical memory or swap space
#   Check if swap backing store is full
#   Use 64 bit Java on a 64 bit OS
#   Decrease Java heap size (-Xmx/-Xms)
#   Decrease number of Java threads
#   Decrease Java thread stack sizes (-Xss)
#   Set larger code cache with -XX:ReservedCodeCacheSize=
# This output file may be truncated or incomplete.
#
#  Out of Memory Error (allocation.cpp:323), pid=8104, tid=7136
#
# JRE version: Java(TM) SE Runtime Environment (7.0_51-b13) (build 1.7.0_51-b13)
# Java VM: Java HotSpot(TM) 64-Bit Server VM (24.51-b03 mixed mode windows-amd64 compressed oops)
# Failed to write core dump. Minidumps are not enabled by default on client versions of Windows
#

---------------  T H R E A D  ---------------

Current thread (0x00000000087c5000):  JavaThread "C2 CompilerThread0" daemon [_thread_in_native, id=7136, stack(0x0000000001f90000,0x0000000002090000)]

Stack: [0x0000000001f90000,0x0000000002090000]

Current CompileTask:
C2:    927   53             org.jsfml.graphics.SFMLNativeDrawer::draw (28 bytes)


---------------  P R O C E S S  ---------------

Java Threads: ( => current thread )
  0x00000000087cd000 JavaThread "Service Thread" daemon [_thread_blocked, id=8968, stack(0x000000000b420000,0x000000000b520000)]
  0x00000000087cb800 JavaThread "C2 CompilerThread1" daemon [_thread_blocked, id=8408, stack(0x000000000b170000,0x000000000b270000)]
=>0x00000000087c5000 JavaThread "C2 CompilerThread0" daemon [_thread_in_native, id=7136, stack(0x0000000001f90000,0x0000000002090000)]
  0x00000000087c2000 JavaThread "Attach Listener" daemon [_thread_blocked, id=9136, stack(0x000000000aff0000,0x000000000b0f0000)]
  0x00000000087c1000 JavaThread "Signal Dispatcher" daemon [_thread_blocked, id=5864, stack(0x000000000ae50000,0x000000000af50000)]
  0x0000000001f8a000 JavaThread "Finalizer" daemon [_thread_blocked, id=9184, stack(0x000000000ac80000,0x000000000ad80000)]
  0x00000000087b0800 JavaThread "Reference Handler" daemon [_thread_blocked, id=8940, stack(0x000000000aae0000,0x000000000abe0000)]
  0x0000000001e8d800 JavaThread "main" [_thread_in_native, id=7396, stack(0x0000000002180000,0x0000000002280000)]

Other Threads:
  0x00000000087ad000 VMThread [stack: 0x000000000a9a0000,0x000000000aaa0000] [id=9036]
  0x00000000087ce000 WatcherThread [stack: 0x000000000b2f0000,0x000000000b3f0000] [id=724]

VM state:not at safepoint (normal execution)

VM Mutex/Monitor currently owned by a thread: None

Heap
 PSYoungGen      total 19456K, used 6892K [0x00000000eae80000, 0x00000000ec400000, 0x0000000100000000)
  eden space 16896K, 40% used [0x00000000eae80000,0x00000000eb53b2c8,0x00000000ebf00000)
  from space 2560K, 0% used [0x00000000ec180000,0x00000000ec180000,0x00000000ec400000)
  to   space 2560K, 0% used [0x00000000ebf00000,0x00000000ebf00000,0x00000000ec180000)
 ParOldGen       total 43008K, used 0K [0x00000000c0c00000, 0x00000000c3600000, 0x00000000eae80000)
  object space 43008K, 0% used [0x00000000c0c00000,0x00000000c0c00000,0x00000000c3600000)
 PSPermGen       total 21504K, used 4361K [0x00000000bba00000, 0x00000000bcf00000, 0x00000000c0c00000)
  object space 21504K, 20% used [0x00000000bba00000,0x00000000bbe427b0,0x00000000bcf00000)

Card table byte_map: [0x0000000005280000,0x00000000054b0000] byte_map_base: 0x0000000004ca3000

Polling page: 0x0000000000200000

Code Cache  [0x0000000002280000, 0x00000000024f0000, 0x0000000005280000)
 total_blobs=294 nmethods=58 adapters=189 free_code_cache=48661Kb largest_free_block=49811136

Compilation events (10 events):
Event: 0.921 Thread 0x00000000087c5000 nmethod 50 0x00000000022f76d0 code [0x00000000022f7820, 0x00000000022f7998]
Event: 0.921 Thread 0x00000000087c5000   51             java.nio.FloatBuffer::<init> (12 bytes)
Event: 0.922 Thread 0x00000000087cb800 nmethod 49 0x00000000022f72d0 code [0x00000000022f7420, 0x00000000022f7578]
Event: 0.922 Thread 0x00000000087cb800   52             java.nio.FloatBuffer::<init> (22 bytes)
Event: 0.922 Thread 0x00000000087c5000 nmethod 51 0x00000000022fbd10 code [0x00000000022fbe60, 0x00000000022fbf58]
Event: 0.922 Thread 0x00000000087c5000   53             org.jsfml.graphics.SFMLNativeDrawer::draw (28 bytes)
Event: 0.922 Thread 0x00000000087cb800 nmethod 52 0x00000000022fb910 code [0x00000000022fba60, 0x00000000022fbb98]
Event: 0.922 Thread 0x00000000087cb800   54             org.jsfml.internal.IntercomHelper::encodeTransform (108 bytes)
Event: 0.926 Thread 0x00000000087cb800 nmethod 54 0x00000000022fa850 code [0x00000000022fa9e0, 0x00000000022fae68]
Event: 0.926 Thread 0x00000000087cb800   55             org.jsfml.graphics.Transform::getMatrix (19 bytes)

GC Heap History (0 events):
No events

Deoptimization events (2 events):
Event: 0.774 Thread 0x0000000001e8d800 Uncommon trap: reason=unreached action=reinterpret pc=0x00000000022ec9b8 method=java.io.BufferedReader.readLine(Z)Ljava/lang/String; @ 192
Event: 0.924 Thread 0x0000000001e8d800 Uncommon trap: reason=unreached action=reinterpret pc=0x00000000022f82c4 method=java.lang.ThreadLocal$ThreadLocalMap.getEntry(Ljava/lang/ThreadLocal;)Ljava/lang/ThreadLocal$ThreadLocalMap$Entry; @ 21

Internal exceptions (10 events):
Event: 0.783 Thread 0x0000000001e8d800 Threw 0x00000000eb2eda78 at C:\re\jdk7u51\527\hotspot\src\share\vm\prims\jvm.cpp:1244
Event: 0.796 Thread 0x0000000001e8d800 Threw 0x00000000eb313a58 at C:\re\jdk7u51\527\hotspot\src\share\vm\prims\jvm.cpp:1244
Event: 0.797 Thread 0x0000000001e8d800 Threw 0x00000000eb315a00 at C:\re\jdk7u51\527\hotspot\src\share\vm\prims\jvm.cpp:1244
Event: 0.799 Thread 0x0000000001e8d800 Threw 0x00000000eb318da8 at C:\re\jdk7u51\527\hotspot\src\share\vm\prims\jvm.cpp:1244
Event: 0.799 Thread 0x0000000001e8d800 Threw 0x00000000eb31c690 at C:\re\jdk7u51\527\hotspot\src\share\vm\prims\jvm.cpp:1244
Event: 0.799 Thread 0x0000000001e8d800 Threw 0x00000000eb31f758 at C:\re\jdk7u51\527\hotspot\src\share\vm\prims\jvm.cpp:1244
Event: 0.815 Thread 0x0000000001e8d800 Threw 0x00000000eb327a98 at C:\re\jdk7u51\527\hotspot\src\share\vm\prims\jvm.cpp:1244
Event: 0.894 Thread 0x0000000001e8d800 Threw 0x00000000eb46d2c8 at C:\re\jdk7u51\527\hotspot\src\share\vm\prims\jvm.cpp:1244
Event: 0.921 Thread 0x0000000001e8d800 Threw 0x00000000eb506f78 at C:\re\jdk7u51\527\hotspot\src\share\vm\prims\jvm.cpp:1244
Event: 0.924 Thread 0x0000000001e8d800 Implicit null exception at 0x00000000022f8224 to 0x00000000022f82a5

Events (10 events):
Event: 0.924 loading class 0x00000000085f0a20 done
Event: 0.924 loading class 0x00000000099d9f70
Event: 0.924 loading class 0x00000000099d9f70 done
Event: 0.924 Thread 0x0000000001e8d800 Uncommon trap: trap_request=0xffffffad fr.pc=0x00000000022f82c4
Event: 0.924 Thread 0x0000000001e8d800 DEOPT PACKING pc=0x00000000022f82c4 sp=0x000000000227ef50
Event: 0.924 Thread 0x0000000001e8d800 DEOPT UNPACKING pc=0x00000000022b75a4 sp=0x000000000227ee30 mode 2
Event: 0.924 loading class 0x00000000085d17b0
Event: 0.925 loading class 0x00000000085d17b0 done
Event: 0.925 loading class 0x00000000085f2ad0
Event: 0.925 loading class 0x00000000085f2ad0 done


Dynamic libraries:
0x000000013f820000 - 0x000000013f853000 	C:\Program Files\Java\jre7\bin\javaw.exe
0x0000000077650000 - 0x00000000777f9000 	C:\Windows\SYSTEM32\ntdll.dll
0x0000000077530000 - 0x000000007764f000 	C:\Windows\system32\kernel32.dll
0x000007fefd7d0000 - 0x000007fefd83c000 	C:\Windows\system32\KERNELBASE.dll
0x000007fefdfe0000 - 0x000007fefe0bb000 	C:\Windows\system32\ADVAPI32.dll
0x000007fefd960000 - 0x000007fefd9ff000 	C:\Windows\system32\msvcrt.dll
0x000007fefdc60000 - 0x000007fefdc7f000 	C:\Windows\SYSTEM32\sechost.dll
0x000007feff430000 - 0x000007feff55d000 	C:\Windows\system32\RPCRT4.dll
0x0000000077430000 - 0x000000007752a000 	C:\Windows\system32\USER32.dll
0x000007feff8f0000 - 0x000007feff957000 	C:\Windows\system32\GDI32.dll
0x000007fefe0c0000 - 0x000007fefe0ce000 	C:\Windows\system32\LPK.dll
0x000007feff2f0000 - 0x000007feff3b9000 	C:\Windows\system32\USP10.dll
0x000007fefbec0000 - 0x000007fefc0b4000 	C:\Windows\WinSxS\amd64_microsoft.windows.common-controls_6595b64144ccf1df_6.0.7601.17514_none_fa396087175ac9ac\COMCTL32.dll
0x000007fefdcb0000 - 0x000007fefdd21000 	C:\Windows\system32\SHLWAPI.dll
0x000007fefdc80000 - 0x000007fefdcae000 	C:\Windows\system32\IMM32.DLL
0x000007fefd850000 - 0x000007fefd959000 	C:\Windows\system32\MSCTF.dll
0x0000000067a60000 - 0x0000000067b32000 	C:\Program Files\Java\jre7\bin\msvcr100.dll
0x0000000060d10000 - 0x00000000614d9000 	C:\Program Files\Java\jre7\bin\server\jvm.dll
0x000007fef1370000 - 0x000007fef1379000 	C:\Windows\system32\WSOCK32.dll
0x000007feff3e0000 - 0x000007feff42d000 	C:\Windows\system32\WS2_32.dll
0x000007fefd840000 - 0x000007fefd848000 	C:\Windows\system32\NSI.dll
0x000007fefaf40000 - 0x000007fefaf7b000 	C:\Windows\system32\WINMM.dll
0x0000000077820000 - 0x0000000077827000 	C:\Windows\system32\PSAPI.DLL
0x000000006fc00000 - 0x000000006fc0f000 	C:\Program Files\Java\jre7\bin\verify.dll
0x0000000067a30000 - 0x0000000067a58000 	C:\Program Files\Java\jre7\bin\java.dll
0x0000000067a10000 - 0x0000000067a25000 	C:\Program Files\Java\jre7\bin\zip.dll
0x00000000679f0000 - 0x0000000067a09000 	C:\Program Files\Java\jre7\bin\net.dll
0x000007fefcc40000 - 0x000007fefcc95000 	C:\Windows\system32\mswsock.dll
0x000007fefcc30000 - 0x000007fefcc37000 	C:\Windows\System32\wship6.dll
0x00000000679d0000 - 0x00000000679e1000 	C:\Program Files\Java\jre7\bin\nio.dll
0x0000000070440000 - 0x0000000070682000 	C:\Users\Alex\.jsfml\windows_x64\libsndfile-1.dll
0x000007fef6610000 - 0x000007fef667c000 	C:\Users\Alex\.jsfml\windows_x64\openal32.dll
0x000007fefe4c0000 - 0x000007feff248000 	C:\Windows\system32\SHELL32.dll
0x000007fefe0d0000 - 0x000007fefe2d3000 	C:\Windows\system32\ole32.dll
0x000007fef6600000 - 0x000007fef660e000 	C:\Users\Alex\.jsfml\windows_x64\sfml-system-2.dll
0x0000000071130000 - 0x00000000711c8000 	C:\Windows\system32\MSVCP100.dll
0x000007fef65e0000 - 0x000007fef65f4000 	C:\Users\Alex\.jsfml\windows_x64\sfml-window-2.dll
0x000007fef2990000 - 0x000007fef2aad000 	C:\Windows\system32\OPENGL32.dll
0x000007fef44e0000 - 0x000007fef450d000 	C:\Windows\system32\GLU32.dll
0x000007fef2890000 - 0x000007fef2981000 	C:\Windows\system32\DDRAW.dll
0x000007fef44d0000 - 0x000007fef44d8000 	C:\Windows\system32\DCIMAN32.dll
0x000007fefe2e0000 - 0x000007fefe4b7000 	C:\Windows\system32\SETUPAPI.dll
0x000007fefd770000 - 0x000007fefd7a6000 	C:\Windows\system32\CFGMGR32.dll
0x000007feff810000 - 0x000007feff8e7000 	C:\Windows\system32\OLEAUT32.dll
0x000007fefd680000 - 0x000007fefd69a000 	C:\Windows\system32\DEVOBJ.dll
0x000007fefb660000 - 0x000007fefb678000 	C:\Windows\system32\dwmapi.dll
0x000007fef65c0000 - 0x000007fef65d3000 	C:\Users\Alex\.jsfml\windows_x64\sfml-audio-2.dll
0x000007fef64d0000 - 0x000007fef65b9000 	C:\Users\Alex\.jsfml\windows_x64\sfml-graphics-2.dll
0x000007fef6490000 - 0x000007fef64c5000 	C:\Users\Alex\.jsfml\windows_x64\jsfml.dll
0x000007fefba30000 - 0x000007fefba86000 	C:\Windows\system32\uxtheme.dll
0x000000006b850000 - 0x000000006d68c000 	C:\Windows\system32\nvoglv64.DLL
0x000007fefc550000 - 0x000007fefc55c000 	C:\Windows\system32\VERSION.dll
0x000007fefd4d0000 - 0x000007fefd50a000 	C:\Windows\system32\WINTRUST.dll
0x000007fefd510000 - 0x000007fefd67c000 	C:\Windows\system32\CRYPT32.dll
0x000007fefd4b0000 - 0x000007fefd4bf000 	C:\Windows\system32\MSASN1.dll
0x000007fefb300000 - 0x000007fefb32d000 	C:\Windows\system32\ntmarta.dll
0x000007fefda00000 - 0x000007fefda52000 	C:\Windows\system32\WLDAP32.dll
0x000007fef6460000 - 0x000007fef648e000 	C:\Windows\system32\DINPUT.DLL
0x000007fefbd30000 - 0x000007fefbd3b000 	C:\Windows\system32\HID.DLL
0x000007fefd340000 - 0x000007fefd34f000 	C:\Windows\system32\CRYPTBASE.dll
0x0000000067500000 - 0x000000006750d000 	C:\Users\Alex\workspace\DS5\src\JNILight.dll
0x000000006f320000 - 0x000000006f4b5000 	C:\Program Files\Java\jre7\bin\awt.dll

VM Arguments:
jvm_args: -Djava.library.path=C:\Users\Alex\workspace\DS5\src -Dfile.encoding=Cp1252 
java_command: alone.in.deepspace.Main
Launcher Type: SUN_STANDARD

Environment Variables:
PATH=C:\Program Files (x86)\NVIDIA Corporation\PhysX\Common;C:\Program Files\Common Files\Microsoft Shared\Windows Live;C:\Program Files (x86)\Intel\iCLS Client\;C:\Program Files\Intel\iCLS Client\;C:\Windows\system32;C:\Windows;C:\Windows\System32\Wbem;C:\Program Files\Intel\Intel(R) Management Engine Components\DAL;C:\Program Files\Intel\Intel(R) Management Engine Components\IPT;C:\Program Files (x86)\Intel\Intel(R) Management Engine Components\DAL;C:\Program Files (x86)\Intel\Intel(R) Management Engine Components\IPT;C:\Windows\System32\WindowsPowerShell\v1.0\;C:\Windows\System32\WindowsPowerShell\v1.0\;C:\Program Files (x86)\GtkSharp\2.12\bin;C:\apache-ant-1.9.3\bin;C:\Program Files\Java\jdk1.7.0_51\bin;C:\MinGW\bin;C:\Program Files\Common Files\Microsoft Shared\Windows Live
USERNAME=Alex
OS=Windows_NT
PROCESSOR_IDENTIFIER=Intel64 Family 6 Model 58 Stepping 9, GenuineIntel



---------------  S Y S T E M  ---------------

OS: Windows 7 , 64 bit Build 7601 Service Pack 1

CPU:total 8 (4 cores per cpu, 2 threads per core) family 6 model 58 stepping 9, cmov, cx8, fxsr, mmx, sse, sse2, sse3, ssse3, sse4.1, sse4.2, popcnt, avx, aes, erms, ht, tsc, tscinvbit, tscinv

Memory: 4k page, physical 4144932k(495404k free), swap 12644076k(5452k free)

vm_info: Java HotSpot(TM) 64-Bit Server VM (24.51-b03) for windows-amd64 JRE (1.7.0_51-b13), built on Dec 18 2013 18:40:56 by "java_re" with unknown MS VC++:1600

time: Fri May 16 13:05:56 2014
elapsed time: 0 seconds

