#
# There is insufficient memory for the Java Runtime Environment to continue.
# Native memory allocation (malloc) failed to allocate 32784 bytes for Chunk::new
# Possible reasons:
#   The system is out of physical RAM or swap space
#   In 32 bit mode, the process size limit was hit
# Possible solutions:
#   Reduce memory load on the system
#   Increase physical memory or swap space
#   Check if swap backing store is full
#   Use 64 bit Java on a 64 bit OS
#   Decrease Java heap size (-Xmx/-Xms)
#   Decrease number of Java threads
#   Decrease Java thread stack sizes (-Xss)
#   Set larger code cache with -XX:ReservedCodeCacheSize=
# This output file may be truncated or incomplete.
#
#  Out of Memory Error (allocation.cpp:323), pid=7268, tid=5680
#
# JRE version: Java(TM) SE Runtime Environment (7.0_51-b13) (build 1.7.0_51-b13)
# Java VM: Java HotSpot(TM) 64-Bit Server VM (24.51-b03 mixed mode windows-amd64 compressed oops)
# Failed to write core dump. Minidumps are not enabled by default on client versions of Windows
#

---------------  T H R E A D  ---------------

Current thread (0x0000000008adb800):  JavaThread "C2 CompilerThread1" daemon [_thread_in_native, id=5680, stack(0x000000000b360000,0x000000000b460000)]

Stack: [0x000000000b360000,0x000000000b460000]

Current CompileTask:
C2:  18301  430             alone.in.deepspace.manager.SpriteManager::getCharacter (252 bytes)


---------------  P R O C E S S  ---------------

Java Threads: ( => current thread )
  0x000000001080c800 JavaThread "pool-1-thread-4" [_thread_in_Java, id=2388, stack(0x00000000154d0000,0x00000000155d0000)]
  0x00000000107bc000 JavaThread "pool-1-thread-3" [_thread_blocked, id=3732, stack(0x0000000015260000,0x0000000015360000)]
  0x0000000010a0a000 JavaThread "pool-1-thread-2" [_thread_blocked, id=6840, stack(0x0000000011cb0000,0x0000000011db0000)]
  0x0000000009cc9800 JavaThread "pool-1-thread-1" [_thread_in_Java, id=7844, stack(0x00000000150c0000,0x00000000151c0000)]
  0x0000000008adf000 JavaThread "Service Thread" daemon [_thread_blocked, id=4088, stack(0x000000000b580000,0x000000000b680000)]
=>0x0000000008adb800 JavaThread "C2 CompilerThread1" daemon [_thread_in_native, id=5680, stack(0x000000000b360000,0x000000000b460000)]
  0x0000000008ad5800 JavaThread "C2 CompilerThread0" daemon [_thread_in_native, id=8144, stack(0x000000000b0f0000,0x000000000b1f0000)]
  0x0000000008ad3000 JavaThread "Attach Listener" daemon [_thread_blocked, id=3660, stack(0x000000000af10000,0x000000000b010000)]
  0x0000000008ad2000 JavaThread "Signal Dispatcher" daemon [_thread_blocked, id=7208, stack(0x0000000002350000,0x0000000002450000)]
  0x0000000008ac1000 JavaThread "Finalizer" daemon [_thread_blocked, id=576, stack(0x000000000ae10000,0x000000000af10000)]
  0x0000000008ac0000 JavaThread "Reference Handler" daemon [_thread_blocked, id=7556, stack(0x000000000ad00000,0x000000000ae00000)]
  0x000000000234d800 JavaThread "main" [_thread_blocked, id=7948, stack(0x0000000002450000,0x0000000002550000)]

Other Threads:
  0x0000000008abd000 VMThread [stack: 0x000000000ab00000,0x000000000ac00000] [id=1112]
  0x0000000009b98000 WatcherThread [stack: 0x000000000b6b0000,0x000000000b7b0000] [id=768]

VM state:not at safepoint (normal execution)

VM Mutex/Monitor currently owned by a thread: None

Heap
 PSYoungGen      total 122368K, used 82814K [0x00000000eae80000, 0x00000000f7c80000, 0x0000000100000000)
  eden space 93184K, 57% used [0x00000000eae80000,0x00000000ee2e61c8,0x00000000f0980000)
  from space 29184K, 99% used [0x00000000f0980000,0x00000000f25f97c0,0x00000000f2600000)
  to   space 41472K, 0% used [0x00000000f5400000,0x00000000f5400000,0x00000000f7c80000)
 ParOldGen       total 119296K, used 96614K [0x00000000c0c00000, 0x00000000c8080000, 0x00000000eae80000)
  object space 119296K, 80% used [0x00000000c0c00000,0x00000000c6a59a08,0x00000000c8080000)
 PSPermGen       total 21504K, used 8239K [0x00000000bba00000, 0x00000000bcf00000, 0x00000000c0c00000)
  object space 21504K, 38% used [0x00000000bba00000,0x00000000bc20bc00,0x00000000bcf00000)

Card table byte_map: [0x0000000005550000,0x0000000005780000] byte_map_base: 0x0000000004f73000

Polling page: 0x0000000000120000

Code Cache  [0x0000000002550000, 0x00000000027c0000, 0x0000000005550000)
 total_blobs=671 nmethods=386 adapters=237 free_code_cache=47895Kb largest_free_block=48813376

Compilation events (10 events):
Event: 18.193 Thread 0x0000000008adb800  425             alone.in.deepspace.model.Profession::getType (5 bytes)
Event: 18.193 Thread 0x0000000008adb800 nmethod 425 0x0000000002683890 code [0x00000000026839c0, 0x0000000002683a18]
Event: 18.267 Thread 0x0000000008ad5800  426             java.util.LinkedList$Node::<init> (20 bytes)
Event: 18.267 Thread 0x0000000008ad5800 nmethod 426 0x0000000002683690 code [0x00000000026837c0, 0x0000000002683838]
Event: 18.279 Thread 0x0000000008adb800  427   !         alone.in.deepspace.engine.renderer.CharacterRenderer::$SWITCH_TABLE$alone$in$deepspace$model$Movable$Direction (143 bytes)
Event: 18.279 Thread 0x0000000008ad5800  428             alone.in.deepspace.manager.SpriteManager::getCharacter (23 bytes)
Event: 18.280 Thread 0x0000000008adb800 nmethod 427 0x0000000002683450 code [0x0000000002683580, 0x00000000026835d8]
Event: 18.280 Thread 0x0000000008adb800  429             alone.in.deepspace.model.character.Character::getProfession (5 bytes)
Event: 18.280 Thread 0x0000000008adb800 nmethod 429 0x0000000002687350 code [0x0000000002687480, 0x00000000026874d8]
Event: 18.280 Thread 0x0000000008adb800  430             alone.in.deepspace.manager.SpriteManager::getCharacter (252 bytes)

GC Heap History (10 events):
Event: 2.763 GC heap before
{Heap before GC invocations=7 (full 1):
 PSYoungGen      total 36352K, used 36326K [0x00000000eae80000, 0x00000000f1100000, 0x0000000100000000)
  eden space 33792K, 100% used [0x00000000eae80000,0x00000000ecf80000,0x00000000ecf80000)
  from space 2560K, 99% used [0x00000000ecf80000,0x00000000ed1f9bc8,0x00000000ed200000)
  to   space 22528K, 0% used [0x00000000efb00000,0x00000000efb00000,0x00000000f1100000)
 ParOldGen       total 76288K, used 51652K [0x00000000c0c00000, 0x00000000c5680000, 0x00000000eae80000)
  object space 76288K, 67% used [0x00000000c0c00000,0x00000000c3e71000,0x00000000c5680000)
 PSPermGen       total 21504K, used 7610K [0x00000000bba00000, 0x00000000bcf00000, 0x00000000c0c00000)
  object space 21504K, 35% used [0x00000000bba00000,0x00000000bc16e838,0x00000000bcf00000)
Event: 2.779 GC heap after
Heap after GC invocations=7 (full 1):
 PSYoungGen      total 79872K, used 12626K [0x00000000eae80000, 0x00000000f1280000, 0x0000000100000000)
  eden space 57344K, 0% used [0x00000000eae80000,0x00000000eae80000,0x00000000ee680000)
  from space 22528K, 56% used [0x00000000efb00000,0x00000000f07549a0,0x00000000f1100000)
  to   space 20992K, 0% used [0x00000000ee680000,0x00000000ee680000,0x00000000efb00000)
 ParOldGen       total 76288K, used 51652K [0x00000000c0c00000, 0x00000000c5680000, 0x00000000eae80000)
  object space 76288K, 67% used [0x00000000c0c00000,0x00000000c3e71000,0x00000000c5680000)
 PSPermGen       total 21504K, used 7610K [0x00000000bba00000, 0x00000000bcf00000, 0x00000000c0c00000)
  object space 21504K, 35% used [0x00000000bba00000,0x00000000bc16e838,0x00000000bcf00000)
}
Event: 3.058 GC heap before
{Heap before GC invocations=8 (full 1):
 PSYoungGen      total 79872K, used 69970K [0x00000000eae80000, 0x00000000f1280000, 0x0000000100000000)
  eden space 57344K, 100% used [0x00000000eae80000,0x00000000ee680000,0x00000000ee680000)
  from space 22528K, 56% used [0x00000000efb00000,0x00000000f07549a0,0x00000000f1100000)
  to   space 20992K, 0% used [0x00000000ee680000,0x00000000ee680000,0x00000000efb00000)
 ParOldGen       total 76288K, used 51652K [0x00000000c0c00000, 0x00000000c5680000, 0x00000000eae80000)
  object space 76288K, 67% used [0x00000000c0c00000,0x00000000c3e71000,0x00000000c5680000)
 PSPermGen       total 21504K, used 7614K [0x00000000bba00000, 0x00000000bcf00000, 0x00000000c0c00000)
  object space 21504K, 35% used [0x00000000bba00000,0x00000000bc16fa68,0x00000000bcf00000)
Event: 3.086 GC heap after
Heap after GC invocations=8 (full 1):
 PSYoungGen      total 78336K, used 20985K [0x00000000eae80000, 0x00000000f4800000, 0x0000000100000000)
  eden space 57344K, 0% used [0x00000000eae80000,0x00000000eae80000,0x00000000ee680000)
  from space 20992K, 99% used [0x00000000ee680000,0x00000000efafe550,0x00000000efb00000)
  to   space 28160K, 0% used [0x00000000f2c80000,0x00000000f2c80000,0x00000000f4800000)
 ParOldGen       total 76288K, used 60236K [0x00000000c0c00000, 0x00000000c5680000, 0x00000000eae80000)
  object space 76288K, 78% used [0x00000000c0c00000,0x00000000c46d3000,0x00000000c5680000)
 PSPermGen       total 21504K, used 7614K [0x00000000bba00000, 0x00000000bcf00000, 0x00000000c0c00000)
  object space 21504K, 35% used [0x00000000bba00000,0x00000000bc16fa68,0x00000000bcf00000)
}
Event: 3.087 GC heap before
{Heap before GC invocations=9 (full 2):
 PSYoungGen      total 78336K, used 20985K [0x00000000eae80000, 0x00000000f4800000, 0x0000000100000000)
  eden space 57344K, 0% used [0x00000000eae80000,0x00000000eae80000,0x00000000ee680000)
  from space 20992K, 99% used [0x00000000ee680000,0x00000000efafe550,0x00000000efb00000)
  to   space 28160K, 0% used [0x00000000f2c80000,0x00000000f2c80000,0x00000000f4800000)
 ParOldGen       total 76288K, used 60236K [0x00000000c0c00000, 0x00000000c5680000, 0x00000000eae80000)
  object space 76288K, 78% used [0x00000000c0c00000,0x00000000c46d3000,0x00000000c5680000)
 PSPermGen       total 21504K, used 7614K [0x00000000bba00000, 0x00000000bcf00000, 0x00000000c0c00000)
  object space 21504K, 35% used [0x00000000bba00000,0x00000000bc16fa68,0x00000000bcf00000)
Event: 3.285 GC heap after
Heap after GC invocations=9 (full 2):
 PSYoungGen      total 78336K, used 4082K [0x00000000eae80000, 0x00000000f4800000, 0x0000000100000000)
  eden space 57344K, 0% used [0x00000000eae80000,0x00000000eae80000,0x00000000ee680000)
  from space 20992K, 19% used [0x00000000ee680000,0x00000000eea7cb88,0x00000000efb00000)
  to   space 28160K, 0% used [0x00000000f2c80000,0x00000000f2c80000,0x00000000f4800000)
 ParOldGen       total 119296K, used 75846K [0x00000000c0c00000, 0x00000000c8080000, 0x00000000eae80000)
  object space 119296K, 63% used [0x00000000c0c00000,0x00000000c5611a08,0x00000000c8080000)
 PSPermGen       total 21504K, used 7613K [0x00000000bba00000, 0x00000000bcf00000, 0x00000000c0c00000)
  object space 21504K, 35% used [0x00000000bba00000,0x00000000bc16f4b8,0x00000000bcf00000)
}
Event: 3.564 GC heap before
{Heap before GC invocations=10 (full 2):
 PSYoungGen      total 78336K, used 61426K [0x00000000eae80000, 0x00000000f4800000, 0x0000000100000000)
  eden space 57344K, 100% used [0x00000000eae80000,0x00000000ee680000,0x00000000ee680000)
  from space 20992K, 19% used [0x00000000ee680000,0x00000000eea7cb88,0x00000000efb00000)
  to   space 28160K, 0% used [0x00000000f2c80000,0x00000000f2c80000,0x00000000f4800000)
 ParOldGen       total 119296K, used 75846K [0x00000000c0c00000, 0x00000000c8080000, 0x00000000eae80000)
  object space 119296K, 63% used [0x00000000c0c00000,0x00000000c5611a08,0x00000000c8080000)
 PSPermGen       total 21504K, used 7616K [0x00000000bba00000, 0x00000000bcf00000, 0x00000000c0c00000)
  object space 21504K, 35% used [0x00000000bba00000,0x00000000bc170300,0x00000000bcf00000)
Event: 3.601 GC heap after
Heap after GC invocations=10 (full 2):
 PSYoungGen      total 115712K, used 21024K [0x00000000eae80000, 0x00000000f4280000, 0x0000000100000000)
  eden space 93184K, 0% used [0x00000000eae80000,0x00000000eae80000,0x00000000f0980000)
  from space 22528K, 93% used [0x00000000f2c80000,0x00000000f4108000,0x00000000f4280000)
  to   space 29184K, 0% used [0x00000000f0980000,0x00000000f0980000,0x00000000f2600000)
 ParOldGen       total 119296K, used 75846K [0x00000000c0c00000, 0x00000000c8080000, 0x00000000eae80000)
  object space 119296K, 63% used [0x00000000c0c00000,0x00000000c5611a08,0x00000000c8080000)
 PSPermGen       total 21504K, used 7616K [0x00000000bba00000, 0x00000000bcf00000, 0x00000000c0c00000)
  object space 21504K, 35% used [0x00000000bba00000,0x00000000bc170300,0x00000000bcf00000)
}
Event: 4.004 GC heap before
{Heap before GC invocations=11 (full 2):
 PSYoungGen      total 115712K, used 114208K [0x00000000eae80000, 0x00000000f4280000, 0x0000000100000000)
  eden space 93184K, 100% used [0x00000000eae80000,0x00000000f0980000,0x00000000f0980000)
  from space 22528K, 93% used [0x00000000f2c80000,0x00000000f4108000,0x00000000f4280000)
  to   space 29184K, 0% used [0x00000000f0980000,0x00000000f0980000,0x00000000f2600000)
 ParOldGen       total 119296K, used 75846K [0x00000000c0c00000, 0x00000000c8080000, 0x00000000eae80000)
  object space 119296K, 63% used [0x00000000c0c00000,0x00000000c5611a08,0x00000000c8080000)
 PSPermGen       total 21504K, used 7812K [0x00000000bba00000, 0x00000000bcf00000, 0x00000000c0c00000)
  object space 21504K, 36% used [0x00000000bba00000,0x00000000bc1a1000,0x00000000bcf00000)
Event: 4.053 GC heap after
Heap after GC invocations=11 (full 2):
 PSYoungGen      total 122368K, used 29157K [0x00000000eae80000, 0x00000000f7c80000, 0x0000000100000000)
  eden space 93184K, 0% used [0x00000000eae80000,0x00000000eae80000,0x00000000f0980000)
  from space 29184K, 99% used [0x00000000f0980000,0x00000000f25f97c0,0x00000000f2600000)
  to   space 41472K, 0% used [0x00000000f5400000,0x00000000f5400000,0x00000000f7c80000)
 ParOldGen       total 119296K, used 96614K [0x00000000c0c00000, 0x00000000c8080000, 0x00000000eae80000)
  object space 119296K, 80% used [0x00000000c0c00000,0x00000000c6a59a08,0x00000000c8080000)
 PSPermGen       total 21504K, used 7812K [0x00000000bba00000, 0x00000000bcf00000, 0x00000000c0c00000)
  object space 21504K, 36% used [0x00000000bba00000,0x00000000bc1a1000,0x00000000bcf00000)
}

Deoptimization events (10 events):
Event: 4.373 Thread 0x000000000234d800 Uncommon trap: reason=class_check action=maybe_recompile pc=0x0000000002699eb4 method=org.jsfml.graphics.RenderTexture.draw(Lorg/jsfml/graphics/Drawable;Lorg/jsfml/graphics/RenderStates;)V @ 3
Event: 4.373 Thread 0x000000000234d800 Uncommon trap: reason=class_check action=maybe_recompile pc=0x0000000002699eb4 method=org.jsfml.graphics.RenderTexture.draw(Lorg/jsfml/graphics/Drawable;Lorg/jsfml/graphics/RenderStates;)V @ 3
Event: 4.373 Thread 0x000000000234d800 Uncommon trap: reason=class_check action=maybe_recompile pc=0x0000000002699eb4 method=org.jsfml.graphics.RenderTexture.draw(Lorg/jsfml/graphics/Drawable;Lorg/jsfml/graphics/RenderStates;)V @ 3
Event: 4.373 Thread 0x000000000234d800 Uncommon trap: reason=class_check action=maybe_recompile pc=0x0000000002696a50 method=org.jsfml.graphics.RenderTexture.draw(Lorg/jsfml/graphics/Drawable;Lorg/jsfml/graphics/RenderStates;)V @ 3
Event: 4.418 Thread 0x000000000234d800 Uncommon trap: reason=unreached action=reinterpret pc=0x00000000026a0914 method=alone.in.deepspace.engine.renderer.WorldRenderer.refreshFloor(IIII)V @ 79
Event: 4.457 Thread 0x000000000234d800 Uncommon trap: reason=null_check action=make_not_entrant pc=0x000000000269f1a0 method=alone.in.deepspace.manager.SpriteManager.getSprite(IIIIII)Lorg/jsfml/graphics/Sprite; @ 29
Event: 4.458 Thread 0x000000000234d800 Uncommon trap: reason=unreached action=reinterpret pc=0x0000000002698c2c method=alone.in.deepspace.engine.renderer.WorldRenderer.refreshStructure(IIII)V @ 166
Event: 4.862 Thread 0x000000000234d800 Uncommon trap: reason=unreached action=reinterpret pc=0x00000000026a9870 method=alone.in.deepspace.engine.renderer.MiniMapRenderer.onRefresh(I)V @ 55
Event: 4.875 Thread 0x00000000107bc000 Uncommon trap: reason=unreached action=reinterpret pc=0x00000000026b2150 method=org.newdawn.slick.util.pathfinding.AStarPathFinder.findPath(Lorg/newdawn/slick/util/pathfinding/Mover;IIII)Lorg/newdawn/slick/util/pathfinding/Path; @ 570
Event: 16.676 Thread 0x000000000234d800 Uncommon trap: reason=unreached action=reinterpret pc=0x00000000026364fc method=alone.in.deepspace.engine.renderer.CharacterRenderer.onDraw(Lorg/jsfml/graphics/RenderWindow;Lorg/jsfml/graphics/RenderStates;D)V @ 80

Internal exceptions (10 events):
Event: 4.775 Thread 0x0000000009cc9800 Threw 0x00000000ec703170 at C:\re\jdk7u51\527\hotspot\src\share\vm\prims\jvm.cpp:1244
Event: 4.776 Thread 0x0000000009cc9800 Threw 0x00000000ec706518 at C:\re\jdk7u51\527\hotspot\src\share\vm\prims\jvm.cpp:1244
Event: 4.787 Thread 0x0000000009cc9800 Threw 0x00000000ecb54c58 at C:\re\jdk7u51\527\hotspot\src\share\vm\prims\jvm.cpp:1244
Event: 4.792 Thread 0x0000000009cc9800 Threw 0x00000000ecb58680 at C:\re\jdk7u51\527\hotspot\src\share\vm\prims\jvm.cpp:1244
Event: 4.795 Thread 0x0000000009cc9800 Threw 0x00000000ecb5a660 at C:\re\jdk7u51\527\hotspot\src\share\vm\prims\jvm.cpp:1244
Event: 5.700 Thread 0x000000000234d800 Threw 0x00000000ed4a4fa0 at C:\re\jdk7u51\527\hotspot\src\share\vm\prims\jvm.cpp:1244
Event: 5.702 Thread 0x000000000234d800 Threw 0x00000000ed4a8810 at C:\re\jdk7u51\527\hotspot\src\share\vm\prims\jvm.cpp:1244
Event: 5.703 Thread 0x000000000234d800 Threw 0x00000000ed4aaa48 at C:\re\jdk7u51\527\hotspot\src\share\vm\prims\jvm.cpp:1244
Event: 6.174 Thread 0x000000000234d800 Threw 0x00000000ed528678 at C:\re\jdk7u51\527\hotspot\src\share\vm\prims\jvm.cpp:1244
Event: 10.551 Thread 0x000000000234d800 Threw 0x00000000ed9bfa48 at C:\re\jdk7u51\527\hotspot\src\share\vm\prims\jvm.cpp:1244

Events (10 events):
Event: 16.676 Thread 0x000000000234d800 Uncommon trap: trap_request=0xffffffad fr.pc=0x00000000026364fc
Event: 16.676 Thread 0x000000000234d800 DEOPT PACKING pc=0x00000000026364fc sp=0x000000000254f520
Event: 16.676 Thread 0x000000000234d800 DEOPT UNPACKING pc=0x00000000025875a4 sp=0x000000000254f4e0 mode 2
Event: 18.174 Thread 0x0000000008ad5800 flushing nmethod 0x00000000026797d0
Event: 18.174 Thread 0x0000000008ad5800 flushing nmethod 0x0000000002683450
Event: 18.174 Thread 0x0000000008ad5800 flushing nmethod 0x0000000002686d10
Event: 18.175 Thread 0x0000000008ad5800 flushing nmethod 0x0000000002687fd0
Event: 18.175 Thread 0x0000000008adb800 flushing nmethod 0x000000000268e250
Event: 18.175 Thread 0x0000000008adb800 flushing nmethod 0x000000000268eb90
Event: 18.175 Thread 0x0000000008adb800 flushing nmethod 0x000000000268fb90


Dynamic libraries:
0x000000013f790000 - 0x000000013f7c3000 	C:\Program Files\Java\jre7\bin\javaw.exe
0x0000000077810000 - 0x00000000779b9000 	C:\Windows\SYSTEM32\ntdll.dll
0x00000000776f0000 - 0x000000007780f000 	C:\Windows\system32\kernel32.dll
0x000007fefd990000 - 0x000007fefd9fc000 	C:\Windows\system32\KERNELBASE.dll
0x000007fefe1b0000 - 0x000007fefe28b000 	C:\Windows\system32\ADVAPI32.dll
0x000007feff880000 - 0x000007feff91f000 	C:\Windows\system32\msvcrt.dll
0x000007fefe3f0000 - 0x000007fefe40f000 	C:\Windows\SYSTEM32\sechost.dll
0x000007fefda00000 - 0x000007fefdb2d000 	C:\Windows\system32\RPCRT4.dll
0x00000000775f0000 - 0x00000000776ea000 	C:\Windows\system32\USER32.dll
0x000007feff2f0000 - 0x000007feff357000 	C:\Windows\system32\GDI32.dll
0x000007fefde90000 - 0x000007fefde9e000 	C:\Windows\system32\LPK.dll
0x000007fefe490000 - 0x000007fefe559000 	C:\Windows\system32\USP10.dll
0x000007fefc050000 - 0x000007fefc244000 	C:\Windows\WinSxS\amd64_microsoft.windows.common-controls_6595b64144ccf1df_6.0.7601.17514_none_fa396087175ac9ac\COMCTL32.dll
0x000007fefe410000 - 0x000007fefe481000 	C:\Windows\system32\SHLWAPI.dll
0x000007feff850000 - 0x000007feff87e000 	C:\Windows\system32\IMM32.DLL
0x000007fefe2e0000 - 0x000007fefe3e9000 	C:\Windows\system32\MSCTF.dll
0x0000000072d70000 - 0x0000000072e42000 	C:\Program Files\Java\jre7\bin\msvcr100.dll
0x0000000063fc0000 - 0x0000000064789000 	C:\Program Files\Java\jre7\bin\server\jvm.dll
0x000007fefbde0000 - 0x000007fefbde9000 	C:\Windows\system32\WSOCK32.dll
0x000007fefe290000 - 0x000007fefe2dd000 	C:\Windows\system32\WS2_32.dll
0x000007fefdd60000 - 0x000007fefdd68000 	C:\Windows\system32\NSI.dll
0x000007fefb120000 - 0x000007fefb15b000 	C:\Windows\system32\WINMM.dll
0x00000000779d0000 - 0x00000000779d7000 	C:\Windows\system32\PSAPI.DLL
0x0000000072d60000 - 0x0000000072d6f000 	C:\Program Files\Java\jre7\bin\verify.dll
0x0000000072d30000 - 0x0000000072d58000 	C:\Program Files\Java\jre7\bin\java.dll
0x0000000072d10000 - 0x0000000072d25000 	C:\Program Files\Java\jre7\bin\zip.dll
0x0000000072cf0000 - 0x0000000072d09000 	C:\Program Files\Java\jre7\bin\net.dll
0x000007fefce00000 - 0x000007fefce55000 	C:\Windows\system32\mswsock.dll
0x000007fefcdf0000 - 0x000007fefcdf7000 	C:\Windows\System32\wship6.dll
0x0000000072cd0000 - 0x0000000072ce1000 	C:\Program Files\Java\jre7\bin\nio.dll
0x0000000070440000 - 0x0000000070682000 	C:\Users\Alex\.jsfml\windows_x64\libsndfile-1.dll
0x000007fef65c0000 - 0x000007fef662c000 	C:\Users\Alex\.jsfml\windows_x64\openal32.dll
0x000007fefe560000 - 0x000007feff2e8000 	C:\Windows\system32\SHELL32.dll
0x000007feff380000 - 0x000007feff583000 	C:\Windows\system32\ole32.dll
0x000007fefbf30000 - 0x000007fefbf3e000 	C:\Users\Alex\.jsfml\windows_x64\sfml-system-2.dll
0x00000000712d0000 - 0x0000000071368000 	C:\Windows\system32\MSVCP100.dll
0x000007fefabf0000 - 0x000007fefac04000 	C:\Users\Alex\.jsfml\windows_x64\sfml-window-2.dll
0x000007fef48e0000 - 0x000007fef49fd000 	C:\Windows\system32\OPENGL32.dll
0x000007fef5b20000 - 0x000007fef5b4d000 	C:\Windows\system32\GLU32.dll
0x000007fef2750000 - 0x000007fef2841000 	C:\Windows\system32\DDRAW.dll
0x000007fef5b10000 - 0x000007fef5b18000 	C:\Windows\system32\DCIMAN32.dll
0x000007feff670000 - 0x000007feff847000 	C:\Windows\system32\SETUPAPI.dll
0x000007fefd860000 - 0x000007fefd896000 	C:\Windows\system32\CFGMGR32.dll
0x000007feff590000 - 0x000007feff667000 	C:\Windows\system32\OLEAUT32.dll
0x000007fefd840000 - 0x000007fefd85a000 	C:\Windows\system32\DEVOBJ.dll
0x000007fefb820000 - 0x000007fefb838000 	C:\Windows\system32\dwmapi.dll
0x000007fef75f0000 - 0x000007fef7603000 	C:\Users\Alex\.jsfml\windows_x64\sfml-audio-2.dll
0x000007fef4d80000 - 0x000007fef4e69000 	C:\Users\Alex\.jsfml\windows_x64\sfml-graphics-2.dll
0x000007fef6660000 - 0x000007fef6695000 	C:\Users\Alex\.jsfml\windows_x64\jsfml.dll
0x000007fefbbf0000 - 0x000007fefbc46000 	C:\Windows\system32\uxtheme.dll
0x000000006b800000 - 0x000000006d626000 	C:\Windows\system32\nvoglv64.DLL
0x000007fefc710000 - 0x000007fefc71c000 	C:\Windows\system32\VERSION.dll
0x000007fefd7f0000 - 0x000007fefd82a000 	C:\Windows\system32\WINTRUST.dll
0x000007fefd680000 - 0x000007fefd7ec000 	C:\Windows\system32\CRYPT32.dll
0x000007fefd670000 - 0x000007fefd67f000 	C:\Windows\system32\MSASN1.dll
0x000007fefb4c0000 - 0x000007fefb4ed000 	C:\Windows\system32\ntmarta.dll
0x000007fefdea0000 - 0x000007fefdef2000 	C:\Windows\system32\WLDAP32.dll
0x000007fef75c0000 - 0x000007fef75ee000 	C:\Windows\system32\DINPUT.DLL
0x000007fefbdc0000 - 0x000007fefbdcb000 	C:\Windows\system32\HID.DLL
0x000007fefd500000 - 0x000007fefd50f000 	C:\Windows\system32\CRYPTBASE.dll
0x0000000067500000 - 0x000000006750d000 	C:\Users\Alex\workspace\DS5\src\JNILight.dll
0x00000000733e0000 - 0x0000000073575000 	C:\Program Files\Java\jre7\bin\awt.dll

VM Arguments:
jvm_args: -Djava.library.path=C:\Users\Alex\workspace\DS5\src -verbose:gc -Dfile.encoding=Cp1252 
java_command: alone.in.deepspace.Main
Launcher Type: SUN_STANDARD

Environment Variables:
PATH=C:\Program Files (x86)\NVIDIA Corporation\PhysX\Common;C:\Program Files\Common Files\Microsoft Shared\Windows Live;C:\Program Files (x86)\Intel\iCLS Client\;C:\Program Files\Intel\iCLS Client\;C:\Windows\system32;C:\Windows;C:\Windows\System32\Wbem;C:\Program Files\Intel\Intel(R) Management Engine Components\DAL;C:\Program Files\Intel\Intel(R) Management Engine Components\IPT;C:\Program Files (x86)\Intel\Intel(R) Management Engine Components\DAL;C:\Program Files (x86)\Intel\Intel(R) Management Engine Components\IPT;C:\Windows\System32\WindowsPowerShell\v1.0\;C:\Windows\System32\WindowsPowerShell\v1.0\;C:\Program Files (x86)\GtkSharp\2.12\bin;C:\apache-ant-1.9.3\bin;C:\Program Files\Java\jdk1.7.0_51\bin;C:\MinGW\bin;C:\Program Files\TortoiseHg\;C:\Program Files\Common Files\Microsoft Shared\Windows Live
USERNAME=Alex
OS=Windows_NT
PROCESSOR_IDENTIFIER=Intel64 Family 6 Model 58 Stepping 9, GenuineIntel



---------------  S Y S T E M  ---------------

OS: Windows 7 , 64 bit Build 7601 Service Pack 1

CPU:total 8 (4 cores per cpu, 2 threads per core) family 6 model 58 stepping 9, cmov, cx8, fxsr, mmx, sse, sse2, sse3, ssse3, sse4.1, sse4.2, popcnt, avx, aes, erms, ht, tsc, tscinvbit, tscinv

Memory: 4k page, physical 4144932k(1320452k free), swap 9295436k(21536k free)

vm_info: Java HotSpot(TM) 64-Bit Server VM (24.51-b03) for windows-amd64 JRE (1.7.0_51-b13), built on Dec 18 2013 18:40:56 by "java_re" with unknown MS VC++:1600

time: Sun Jun 01 01:40:22 2014
elapsed time: 18 seconds

