#
# There is insufficient memory for the Java Runtime Environment to continue.
# Native memory allocation (malloc) failed to allocate 32744 bytes for ChunkPool::allocate
# Possible reasons:
#   The system is out of physical RAM or swap space
#   In 32 bit mode, the process size limit was hit
# Possible solutions:
#   Reduce memory load on the system
#   Increase physical memory or swap space
#   Check if swap backing store is full
#   Use 64 bit Java on a 64 bit OS
#   Decrease Java heap size (-Xmx/-Xms)
#   Decrease number of Java threads
#   Decrease Java thread stack sizes (-Xss)
#   Set larger code cache with -XX:ReservedCodeCacheSize=
# This output file may be truncated or incomplete.
#
#  Out of Memory Error (allocation.cpp:211), pid=7616, tid=8124
#
# JRE version: Java(TM) SE Runtime Environment (7.0_51-b13) (build 1.7.0_51-b13)
# Java VM: Java HotSpot(TM) 64-Bit Server VM (24.51-b03 mixed mode windows-amd64 compressed oops)
# Failed to write core dump. Minidumps are not enabled by default on client versions of Windows
#

---------------  T H R E A D  ---------------

Current thread (0x0000000008a5c000):  JavaThread "C2 CompilerThread1" daemon [_thread_in_native, id=8124, stack(0x000000000b580000,0x000000000b680000)]

Stack: [0x000000000b580000,0x000000000b680000]

Current CompileTask:
C2:   5815  366 %           org.newdawn.slick.util.pathfinding.AStarPathFinder::<init> @ 76 (199 bytes)


---------------  P R O C E S S  ---------------

Java Threads: ( => current thread )
  0x0000000010aeb800 JavaThread "pool-1-thread-2" [_thread_in_Java, id=6576, stack(0x0000000015640000,0x0000000015740000)]
  0x0000000009cf0000 JavaThread "pool-1-thread-1" [_thread_in_Java, id=5960, stack(0x0000000010c30000,0x0000000010d30000)]
  0x0000000009b10000 JavaThread "Service Thread" daemon [_thread_blocked, id=3620, stack(0x000000000b680000,0x000000000b780000)]
=>0x0000000008a5c000 JavaThread "C2 CompilerThread1" daemon [_thread_in_native, id=8124, stack(0x000000000b580000,0x000000000b680000)]
  0x0000000008a56800 JavaThread "C2 CompilerThread0" daemon [_thread_blocked, id=5860, stack(0x000000000b420000,0x000000000b520000)]
  0x0000000008a50800 JavaThread "Attach Listener" daemon [_thread_blocked, id=1220, stack(0x000000000b1d0000,0x000000000b2d0000)]
  0x0000000008a4f800 JavaThread "Signal Dispatcher" daemon [_thread_blocked, id=7380, stack(0x000000000ac60000,0x000000000ad60000)]
  0x000000000226a800 JavaThread "Finalizer" daemon [_thread_blocked, id=4892, stack(0x000000000af90000,0x000000000b090000)]
  0x0000000008a3f800 JavaThread "Reference Handler" daemon [_thread_blocked, id=2444, stack(0x000000000add0000,0x000000000aed0000)]
  0x000000000234d800 JavaThread "main" [_thread_blocked, id=6616, stack(0x0000000002360000,0x0000000002460000)]

Other Threads:
  0x0000000008a3c000 VMThread [stack: 0x000000000aae0000,0x000000000abe0000] [id=2528]
  0x0000000009b19000 WatcherThread [stack: 0x000000000b830000,0x000000000b930000] [id=1740]

VM state:not at safepoint (normal execution)

VM Mutex/Monitor currently owned by a thread: None

Heap
 PSYoungGen      total 53248K, used 16840K [0x00000000eae80000, 0x00000000ef580000, 0x0000000100000000)
  eden space 34816K, 48% used [0x00000000eae80000,0x00000000ebef3580,0x00000000ed080000)
  from space 18432K, 0% used [0x00000000ee380000,0x00000000ee380000,0x00000000ef580000)
  to   space 18944K, 0% used [0x00000000ed080000,0x00000000ed080000,0x00000000ee300000)
 ParOldGen       total 117760K, used 40157K [0x00000000c0c00000, 0x00000000c7f00000, 0x00000000eae80000)
  object space 117760K, 34% used [0x00000000c0c00000,0x00000000c3337678,0x00000000c7f00000)
 PSPermGen       total 21504K, used 8181K [0x00000000bba00000, 0x00000000bcf00000, 0x00000000c0c00000)
  object space 21504K, 38% used [0x00000000bba00000,0x00000000bc1fd6d8,0x00000000bcf00000)

Card table byte_map: [0x0000000005580000,0x00000000057b0000] byte_map_base: 0x0000000004fa3000

Polling page: 0x0000000000220000

Code Cache  [0x0000000002580000, 0x00000000027f0000, 0x0000000005580000)
 total_blobs=646 nmethods=361 adapters=237 free_code_cache=47806Kb largest_free_block=48904896

Compilation events (10 events):
Event: 5.176 Thread 0x0000000008a5c000  362 %           alone.in.deepspace.engine.renderer.WorldRenderer::refreshResource @ 17 (125 bytes)
Event: 5.180 Thread 0x0000000008a5c000 nmethod 362% 0x00000000025f3290 code [0x00000000025f3420, 0x00000000025f3808]
Event: 5.181 Thread 0x0000000008a56800 nmethod 359% 0x00000000026da810 code [0x00000000026daa80, 0x00000000026dbb90]
Event: 5.756 Thread 0x0000000008a5c000  363             alone.in.deepspace.manager.WorldManager::getItem (51 bytes)
Event: 5.757 Thread 0x0000000008a5c000 nmethod 363 0x00000000026c7f50 code [0x00000000026c80a0, 0x00000000026c81b8]
Event: 5.800 Thread 0x0000000008a56800  364             org.newdawn.slick.util.pathfinding.Step::<init> (15 bytes)
Event: 5.800 Thread 0x0000000008a5c000  365             alone.in.deepspace.manager.WorldManager::getHeightInTiles (5 bytes)
Event: 5.800 Thread 0x0000000008a56800 nmethod 364 0x00000000026bfcd0 code [0x00000000026bfe00, 0x00000000026bfe58]
Event: 5.800 Thread 0x0000000008a5c000 nmethod 365 0x00000000026c7b50 code [0x00000000026c7c80, 0x00000000026c7cd8]
Event: 5.800 Thread 0x0000000008a5c000  366 %           org.newdawn.slick.util.pathfinding.AStarPathFinder::<init> @ 76 (199 bytes)

GC Heap History (10 events):
Event: 3.427 GC heap before
{Heap before GC invocations=14 (full 2):
 PSYoungGen      total 43008K, used 30496K [0x00000000eae80000, 0x00000000ef680000, 0x0000000100000000)
  eden space 23552K, 100% used [0x00000000eae80000,0x00000000ec580000,0x00000000ec580000)
  from space 19456K, 35% used [0x00000000ec580000,0x00000000ecc48000,0x00000000ed880000)
  to   space 19456K, 0% used [0x00000000ee380000,0x00000000ee380000,0x00000000ef680000)
 ParOldGen       total 107520K, used 90079K [0x00000000c0c00000, 0x00000000c7500000, 0x00000000eae80000)
  object space 107520K, 83% used [0x00000000c0c00000,0x00000000c63f7f30,0x00000000c7500000)
 PSPermGen       total 21504K, used 7619K [0x00000000bba00000, 0x00000000bcf00000, 0x00000000c0c00000)
  object space 21504K, 35% used [0x00000000bba00000,0x00000000bc170c10,0x00000000bcf00000)
Event: 3.451 GC heap after
Heap after GC invocations=14 (full 2):
 PSYoungGen      total 53248K, used 8448K [0x00000000eae80000, 0x00000000ef580000, 0x0000000100000000)
  eden space 34816K, 0% used [0x00000000eae80000,0x00000000eae80000,0x00000000ed080000)
  from space 18432K, 45% used [0x00000000ee380000,0x00000000eebc0010,0x00000000ef580000)
  to   space 18944K, 0% used [0x00000000ed080000,0x00000000ed080000,0x00000000ee300000)
 ParOldGen       total 107520K, used 96999K [0x00000000c0c00000, 0x00000000c7500000, 0x00000000eae80000)
  object space 107520K, 90% used [0x00000000c0c00000,0x00000000c6ab9f30,0x00000000c7500000)
 PSPermGen       total 21504K, used 7619K [0x00000000bba00000, 0x00000000bcf00000, 0x00000000c0c00000)
  object space 21504K, 35% used [0x00000000bba00000,0x00000000bc170c10,0x00000000bcf00000)
}
Event: 3.451 GC heap before
{Heap before GC invocations=15 (full 3):
 PSYoungGen      total 53248K, used 8448K [0x00000000eae80000, 0x00000000ef580000, 0x0000000100000000)
  eden space 34816K, 0% used [0x00000000eae80000,0x00000000eae80000,0x00000000ed080000)
  from space 18432K, 45% used [0x00000000ee380000,0x00000000eebc0010,0x00000000ef580000)
  to   space 18944K, 0% used [0x00000000ed080000,0x00000000ed080000,0x00000000ee300000)
 ParOldGen       total 107520K, used 96999K [0x00000000c0c00000, 0x00000000c7500000, 0x00000000eae80000)
  object space 107520K, 90% used [0x00000000c0c00000,0x00000000c6ab9f30,0x00000000c7500000)
 PSPermGen       total 21504K, used 7619K [0x00000000bba00000, 0x00000000bcf00000, 0x00000000c0c00000)
  object space 21504K, 35% used [0x00000000bba00000,0x00000000bc170c10,0x00000000bcf00000)
Event: 3.695 GC heap after
Heap after GC invocations=15 (full 3):
 PSYoungGen      total 53248K, used 0K [0x00000000eae80000, 0x00000000ef580000, 0x0000000100000000)
  eden space 34816K, 0% used [0x00000000eae80000,0x00000000eae80000,0x00000000ed080000)
  from space 18432K, 0% used [0x00000000ee380000,0x00000000ee380000,0x00000000ef580000)
  to   space 18944K, 0% used [0x00000000ed080000,0x00000000ed080000,0x00000000ee300000)
 ParOldGen       total 107520K, used 103241K [0x00000000c0c00000, 0x00000000c7500000, 0x00000000eae80000)
  object space 107520K, 96% used [0x00000000c0c00000,0x00000000c70d2468,0x00000000c7500000)
 PSPermGen       total 21504K, used 7618K [0x00000000bba00000, 0x00000000bcf00000, 0x00000000c0c00000)
  object space 21504K, 35% used [0x00000000bba00000,0x00000000bc170a10,0x00000000bcf00000)
}
Event: 3.770 GC heap before
{Heap before GC invocations=16 (full 4):
 PSYoungGen      total 53248K, used 34816K [0x00000000eae80000, 0x00000000ef580000, 0x0000000100000000)
  eden space 34816K, 100% used [0x00000000eae80000,0x00000000ed080000,0x00000000ed080000)
  from space 18432K, 0% used [0x00000000ee380000,0x00000000ee380000,0x00000000ef580000)
  to   space 18944K, 0% used [0x00000000ed080000,0x00000000ed080000,0x00000000ee300000)
 ParOldGen       total 107520K, used 103241K [0x00000000c0c00000, 0x00000000c7500000, 0x00000000eae80000)
  object space 107520K, 96% used [0x00000000c0c00000,0x00000000c70d2468,0x00000000c7500000)
 PSPermGen       total 21504K, used 7618K [0x00000000bba00000, 0x00000000bcf00000, 0x00000000c0c00000)
  object space 21504K, 35% used [0x00000000bba00000,0x00000000bc170b18,0x00000000bcf00000)
Event: 4.294 GC heap after
Heap after GC invocations=16 (full 4):
 PSYoungGen      total 53248K, used 5939K [0x00000000eae80000, 0x00000000ef580000, 0x0000000100000000)
  eden space 34816K, 17% used [0x00000000eae80000,0x00000000eb44cc50,0x00000000ed080000)
  from space 18432K, 0% used [0x00000000ee380000,0x00000000ee380000,0x00000000ef580000)
  to   space 18944K, 0% used [0x00000000ed080000,0x00000000ed080000,0x00000000ee300000)
 ParOldGen       total 107520K, used 107409K [0x00000000c0c00000, 0x00000000c7500000, 0x00000000eae80000)
  object space 107520K, 99% used [0x00000000c0c00000,0x00000000c74e4708,0x00000000c7500000)
 PSPermGen       total 21504K, used 7618K [0x00000000bba00000, 0x00000000bcf00000, 0x00000000c0c00000)
  object space 21504K, 35% used [0x00000000bba00000,0x00000000bc170b18,0x00000000bcf00000)
}
Event: 4.355 GC heap before
{Heap before GC invocations=17 (full 5):
 PSYoungGen      total 53248K, used 34816K [0x00000000eae80000, 0x00000000ef580000, 0x0000000100000000)
  eden space 34816K, 100% used [0x00000000eae80000,0x00000000ed080000,0x00000000ed080000)
  from space 18432K, 0% used [0x00000000ee380000,0x00000000ee380000,0x00000000ef580000)
  to   space 18944K, 0% used [0x00000000ed080000,0x00000000ed080000,0x00000000ee300000)
 ParOldGen       total 107520K, used 107409K [0x00000000c0c00000, 0x00000000c7500000, 0x00000000eae80000)
  object space 107520K, 99% used [0x00000000c0c00000,0x00000000c74e4708,0x00000000c7500000)
 PSPermGen       total 21504K, used 7619K [0x00000000bba00000, 0x00000000bcf00000, 0x00000000c0c00000)
  object space 21504K, 35% used [0x00000000bba00000,0x00000000bc170ea0,0x00000000bcf00000)
Event: 4.590 GC heap after
Heap after GC invocations=17 (full 5):
 PSYoungGen      total 53248K, used 14312K [0x00000000eae80000, 0x00000000ef580000, 0x0000000100000000)
  eden space 34816K, 41% used [0x00000000eae80000,0x00000000ebc7a180,0x00000000ed080000)
  from space 18432K, 0% used [0x00000000ee380000,0x00000000ee380000,0x00000000ef580000)
  to   space 18944K, 0% used [0x00000000ed080000,0x00000000ed080000,0x00000000ee300000)
 ParOldGen       total 107520K, used 107409K [0x00000000c0c00000, 0x00000000c7500000, 0x00000000eae80000)
  object space 107520K, 99% used [0x00000000c0c00000,0x00000000c74e4708,0x00000000c7500000)
 PSPermGen       total 21504K, used 7619K [0x00000000bba00000, 0x00000000bcf00000, 0x00000000c0c00000)
  object space 21504K, 35% used [0x00000000bba00000,0x00000000bc170ea0,0x00000000bcf00000)
}
Event: 5.079 GC heap before
{Heap before GC invocations=18 (full 6):
 PSYoungGen      total 53248K, used 34816K [0x00000000eae80000, 0x00000000ef580000, 0x0000000100000000)
  eden space 34816K, 100% used [0x00000000eae80000,0x00000000ed080000,0x00000000ed080000)
  from space 18432K, 0% used [0x00000000ee380000,0x00000000ee380000,0x00000000ef580000)
  to   space 18944K, 0% used [0x00000000ed080000,0x00000000ed080000,0x00000000ee300000)
 ParOldGen       total 107520K, used 107409K [0x00000000c0c00000, 0x00000000c7500000, 0x00000000eae80000)
  object space 107520K, 99% used [0x00000000c0c00000,0x00000000c74e4708,0x00000000c7500000)
 PSPermGen       total 21504K, used 8104K [0x00000000bba00000, 0x00000000bcf00000, 0x00000000c0c00000)
  object space 21504K, 37% used [0x00000000bba00000,0x00000000bc1ea2c0,0x00000000bcf00000)
Event: 5.105 GC heap after
Heap after GC invocations=18 (full 6):
 PSYoungGen      total 53248K, used 0K [0x00000000eae80000, 0x00000000ef580000, 0x0000000100000000)
  eden space 34816K, 0% used [0x00000000eae80000,0x00000000eae80000,0x00000000ed080000)
  from space 18432K, 0% used [0x00000000ee380000,0x00000000ee380000,0x00000000ef580000)
  to   space 18944K, 0% used [0x00000000ed080000,0x00000000ed080000,0x00000000ee300000)
 ParOldGen       total 117760K, used 40157K [0x00000000c0c00000, 0x00000000c7f00000, 0x00000000eae80000)
  object space 117760K, 34% used [0x00000000c0c00000,0x00000000c3337678,0x00000000c7f00000)
 PSPermGen       total 21504K, used 8104K [0x00000000bba00000, 0x00000000bcf00000, 0x00000000c0c00000)
  object space 21504K, 37% used [0x00000000bba00000,0x00000000bc1ea248,0x00000000bcf00000)
}

Deoptimization events (10 events):
Event: 4.876 Thread 0x000000000234d800 Uncommon trap: reason=class_check action=maybe_recompile pc=0x00000000026b7a5c method=org.jsfml.graphics.Shape.draw(Lorg/jsfml/graphics/RenderTarget;Lorg/jsfml/graphics/RenderStates;)V @ 5
Event: 4.876 Thread 0x000000000234d800 Uncommon trap: reason=class_check action=maybe_recompile pc=0x00000000026b7a5c method=org.jsfml.graphics.Shape.draw(Lorg/jsfml/graphics/RenderTarget;Lorg/jsfml/graphics/RenderStates;)V @ 5
Event: 5.069 Thread 0x000000000234d800 Uncommon trap: reason=class_check action=maybe_recompile pc=0x00000000026be134 method=org.jsfml.graphics.RenderTexture.draw(Lorg/jsfml/graphics/Drawable;Lorg/jsfml/graphics/RenderStates;)V @ 3
Event: 5.069 Thread 0x000000000234d800 Uncommon trap: reason=class_check action=maybe_recompile pc=0x00000000026be134 method=org.jsfml.graphics.RenderTexture.draw(Lorg/jsfml/graphics/Drawable;Lorg/jsfml/graphics/RenderStates;)V @ 3
Event: 5.069 Thread 0x000000000234d800 Uncommon trap: reason=class_check action=maybe_recompile pc=0x00000000026be134 method=org.jsfml.graphics.RenderTexture.draw(Lorg/jsfml/graphics/Drawable;Lorg/jsfml/graphics/RenderStates;)V @ 3
Event: 5.070 Thread 0x000000000234d800 Uncommon trap: reason=class_check action=maybe_recompile pc=0x00000000026be134 method=org.jsfml.graphics.RenderTexture.draw(Lorg/jsfml/graphics/Drawable;Lorg/jsfml/graphics/RenderStates;)V @ 3
Event: 5.070 Thread 0x000000000234d800 Uncommon trap: reason=class_check action=maybe_recompile pc=0x00000000026bcb50 method=org.jsfml.graphics.RenderTexture.draw(Lorg/jsfml/graphics/Drawable;Lorg/jsfml/graphics/RenderStates;)V @ 3
Event: 5.129 Thread 0x000000000234d800 Uncommon trap: reason=unreached action=reinterpret pc=0x00000000025f60d4 method=alone.in.deepspace.engine.renderer.WorldRenderer.refreshFloor(IIII)V @ 79
Event: 5.166 Thread 0x000000000234d800 Uncommon trap: reason=null_check action=make_not_entrant pc=0x00000000026bc068 method=alone.in.deepspace.manager.SpriteManager.getSprite(IIIIII)Lorg/jsfml/graphics/Sprite; @ 29
Event: 5.168 Thread 0x000000000234d800 Uncommon trap: reason=unreached action=reinterpret pc=0x00000000026c86ec method=alone.in.deepspace.engine.renderer.WorldRenderer.refreshStructure(IIII)V @ 166

Internal exceptions (10 events):
Event: 5.791 Thread 0x000000000234d800 Threw 0x00000000eba24ad0 at C:\re\jdk7u51\527\hotspot\src\share\vm\prims\jvm.cpp:1244
Event: 5.792 Thread 0x000000000234d800 Threw 0x00000000eba269f0 at C:\re\jdk7u51\527\hotspot\src\share\vm\prims\jvm.cpp:1244
Event: 5.792 Thread 0x000000000234d800 Threw 0x00000000eba29cf0 at C:\re\jdk7u51\527\hotspot\src\share\vm\prims\jvm.cpp:1244
Event: 5.793 Thread 0x0000000009cf0000 Threw 0x00000000eba79588 at C:\re\jdk7u51\527\hotspot\src\share\vm\prims\jvm.cpp:1244
Event: 5.794 Thread 0x0000000009cf0000 Threw 0x00000000eba7aae8 at C:\re\jdk7u51\527\hotspot\src\share\vm\prims\jvm.cpp:1244
Event: 5.795 Thread 0x0000000009cf0000 Threw 0x00000000eba82318 at C:\re\jdk7u51\527\hotspot\src\share\vm\prims\jvm.cpp:1244
Event: 5.795 Thread 0x0000000009cf0000 Threw 0x00000000eba85148 at C:\re\jdk7u51\527\hotspot\src\share\vm\prims\jvm.cpp:1244
Event: 5.796 Thread 0x0000000010aeb800 Threw 0x00000000ebb27b80 at C:\re\jdk7u51\527\hotspot\src\share\vm\prims\jvm.cpp:1244
Event: 5.797 Thread 0x0000000009cf0000 Threw 0x00000000eba880a8 at C:\re\jdk7u51\527\hotspot\src\share\vm\prims\jvm.cpp:1244
Event: 5.798 Thread 0x0000000010aeb800 Threw 0x00000000ebb2b4f8 at C:\re\jdk7u51\527\hotspot\src\share\vm\prims\jvm.cpp:1244

Events (10 events):
Event: 5.796 loading class 0x0000000010ac2850 done
Event: 5.796 Executing VM operation: RevokeBias done
Event: 5.797 Executing VM operation: RevokeBias
Event: 5.797 loading class 0x0000000010aee270
Event: 5.797 loading class 0x0000000010aee270 done
Event: 5.797 Executing VM operation: RevokeBias done
Event: 5.798 Executing VM operation: RevokeBias
Event: 5.798 Executing VM operation: RevokeBias done
Event: 5.798 loading class 0x0000000010aee330
Event: 5.798 loading class 0x0000000010aee330 done


Dynamic libraries:
0x000000013f450000 - 0x000000013f483000 	C:\Program Files\Java\jre7\bin\javaw.exe
0x0000000077810000 - 0x00000000779b9000 	C:\Windows\SYSTEM32\ntdll.dll
0x00000000776f0000 - 0x000000007780f000 	C:\Windows\system32\kernel32.dll
0x000007fefd990000 - 0x000007fefd9fc000 	C:\Windows\system32\KERNELBASE.dll
0x000007fefe1b0000 - 0x000007fefe28b000 	C:\Windows\system32\ADVAPI32.dll
0x000007feff880000 - 0x000007feff91f000 	C:\Windows\system32\msvcrt.dll
0x000007fefe3f0000 - 0x000007fefe40f000 	C:\Windows\SYSTEM32\sechost.dll
0x000007fefda00000 - 0x000007fefdb2d000 	C:\Windows\system32\RPCRT4.dll
0x00000000775f0000 - 0x00000000776ea000 	C:\Windows\system32\USER32.dll
0x000007feff2f0000 - 0x000007feff357000 	C:\Windows\system32\GDI32.dll
0x000007fefde90000 - 0x000007fefde9e000 	C:\Windows\system32\LPK.dll
0x000007fefe490000 - 0x000007fefe559000 	C:\Windows\system32\USP10.dll
0x000007fefc050000 - 0x000007fefc244000 	C:\Windows\WinSxS\amd64_microsoft.windows.common-controls_6595b64144ccf1df_6.0.7601.17514_none_fa396087175ac9ac\COMCTL32.dll
0x000007fefe410000 - 0x000007fefe481000 	C:\Windows\system32\SHLWAPI.dll
0x000007feff850000 - 0x000007feff87e000 	C:\Windows\system32\IMM32.DLL
0x000007fefe2e0000 - 0x000007fefe3e9000 	C:\Windows\system32\MSCTF.dll
0x0000000072d70000 - 0x0000000072e42000 	C:\Program Files\Java\jre7\bin\msvcr100.dll
0x0000000063fc0000 - 0x0000000064789000 	C:\Program Files\Java\jre7\bin\server\jvm.dll
0x000007fefbde0000 - 0x000007fefbde9000 	C:\Windows\system32\WSOCK32.dll
0x000007fefe290000 - 0x000007fefe2dd000 	C:\Windows\system32\WS2_32.dll
0x000007fefdd60000 - 0x000007fefdd68000 	C:\Windows\system32\NSI.dll
0x000007fefb120000 - 0x000007fefb15b000 	C:\Windows\system32\WINMM.dll
0x00000000779d0000 - 0x00000000779d7000 	C:\Windows\system32\PSAPI.DLL
0x0000000072d60000 - 0x0000000072d6f000 	C:\Program Files\Java\jre7\bin\verify.dll
0x0000000072d30000 - 0x0000000072d58000 	C:\Program Files\Java\jre7\bin\java.dll
0x0000000072d10000 - 0x0000000072d25000 	C:\Program Files\Java\jre7\bin\zip.dll
0x0000000072cf0000 - 0x0000000072d09000 	C:\Program Files\Java\jre7\bin\net.dll
0x000007fefce00000 - 0x000007fefce55000 	C:\Windows\system32\mswsock.dll
0x000007fefcdf0000 - 0x000007fefcdf7000 	C:\Windows\System32\wship6.dll
0x0000000072cd0000 - 0x0000000072ce1000 	C:\Program Files\Java\jre7\bin\nio.dll
0x0000000070440000 - 0x0000000070682000 	C:\Users\Alex\.jsfml\windows_x64\libsndfile-1.dll
0x000007fef4d90000 - 0x000007fef4dfc000 	C:\Users\Alex\.jsfml\windows_x64\openal32.dll
0x000007fefe560000 - 0x000007feff2e8000 	C:\Windows\system32\SHELL32.dll
0x000007feff380000 - 0x000007feff583000 	C:\Windows\system32\ole32.dll
0x000007fefbf30000 - 0x000007fefbf3e000 	C:\Users\Alex\.jsfml\windows_x64\sfml-system-2.dll
0x00000000712d0000 - 0x0000000071368000 	C:\Windows\system32\MSVCP100.dll
0x000007fefabf0000 - 0x000007fefac04000 	C:\Users\Alex\.jsfml\windows_x64\sfml-window-2.dll
0x000007fef48e0000 - 0x000007fef49fd000 	C:\Windows\system32\OPENGL32.dll
0x000007fef5b20000 - 0x000007fef5b4d000 	C:\Windows\system32\GLU32.dll
0x000007fef2750000 - 0x000007fef2841000 	C:\Windows\system32\DDRAW.dll
0x000007fef5b10000 - 0x000007fef5b18000 	C:\Windows\system32\DCIMAN32.dll
0x000007feff670000 - 0x000007feff847000 	C:\Windows\system32\SETUPAPI.dll
0x000007fefd860000 - 0x000007fefd896000 	C:\Windows\system32\CFGMGR32.dll
0x000007feff590000 - 0x000007feff667000 	C:\Windows\system32\OLEAUT32.dll
0x000007fefd840000 - 0x000007fefd85a000 	C:\Windows\system32\DEVOBJ.dll
0x000007fefb820000 - 0x000007fefb838000 	C:\Windows\system32\dwmapi.dll
0x000007fef75f0000 - 0x000007fef7603000 	C:\Users\Alex\.jsfml\windows_x64\sfml-audio-2.dll
0x000007fef42b0000 - 0x000007fef4399000 	C:\Users\Alex\.jsfml\windows_x64\sfml-graphics-2.dll
0x000007fef4e30000 - 0x000007fef4e65000 	C:\Users\Alex\.jsfml\windows_x64\jsfml.dll
0x000007fefbbf0000 - 0x000007fefbc46000 	C:\Windows\system32\uxtheme.dll
0x000000006b800000 - 0x000000006d626000 	C:\Windows\system32\nvoglv64.DLL
0x000007fefc710000 - 0x000007fefc71c000 	C:\Windows\system32\VERSION.dll
0x000007fefd7f0000 - 0x000007fefd82a000 	C:\Windows\system32\WINTRUST.dll
0x000007fefd680000 - 0x000007fefd7ec000 	C:\Windows\system32\CRYPT32.dll
0x000007fefd670000 - 0x000007fefd67f000 	C:\Windows\system32\MSASN1.dll
0x000007fefb4c0000 - 0x000007fefb4ed000 	C:\Windows\system32\ntmarta.dll
0x000007fefdea0000 - 0x000007fefdef2000 	C:\Windows\system32\WLDAP32.dll
0x000007fef75c0000 - 0x000007fef75ee000 	C:\Windows\system32\DINPUT.DLL
0x000007fefbdc0000 - 0x000007fefbdcb000 	C:\Windows\system32\HID.DLL
0x000007fefd500000 - 0x000007fefd50f000 	C:\Windows\system32\CRYPTBASE.dll
0x0000000067500000 - 0x000000006750d000 	C:\Users\Alex\workspace\DS5\src\JNILight.dll
0x000000005bdd0000 - 0x000000005bf65000 	C:\Program Files\Java\jre7\bin\awt.dll

VM Arguments:
jvm_args: -Djava.library.path=C:\Users\Alex\workspace\DS5\src -verbose:gc -Dfile.encoding=Cp1252 
java_command: alone.in.deepspace.Main
Launcher Type: SUN_STANDARD

Environment Variables:
PATH=C:\Program Files (x86)\NVIDIA Corporation\PhysX\Common;C:\Program Files\Common Files\Microsoft Shared\Windows Live;C:\Program Files (x86)\Intel\iCLS Client\;C:\Program Files\Intel\iCLS Client\;C:\Windows\system32;C:\Windows;C:\Windows\System32\Wbem;C:\Program Files\Intel\Intel(R) Management Engine Components\DAL;C:\Program Files\Intel\Intel(R) Management Engine Components\IPT;C:\Program Files (x86)\Intel\Intel(R) Management Engine Components\DAL;C:\Program Files (x86)\Intel\Intel(R) Management Engine Components\IPT;C:\Windows\System32\WindowsPowerShell\v1.0\;C:\Windows\System32\WindowsPowerShell\v1.0\;C:\Program Files (x86)\GtkSharp\2.12\bin;C:\apache-ant-1.9.3\bin;C:\Program Files\Java\jdk1.7.0_51\bin;C:\MinGW\bin;C:\Program Files\TortoiseHg\;C:\Program Files\Common Files\Microsoft Shared\Windows Live
USERNAME=Alex
OS=Windows_NT
PROCESSOR_IDENTIFIER=Intel64 Family 6 Model 58 Stepping 9, GenuineIntel



---------------  S Y S T E M  ---------------

OS: Windows 7 , 64 bit Build 7601 Service Pack 1

CPU:total 8 (4 cores per cpu, 2 threads per core) family 6 model 58 stepping 9, cmov, cx8, fxsr, mmx, sse, sse2, sse3, ssse3, sse4.1, sse4.2, popcnt, avx, aes, erms, ht, tsc, tscinvbit, tscinv

Memory: 4k page, physical 4144932k(1008684k free), swap 9568760k(21192k free)

vm_info: Java HotSpot(TM) 64-Bit Server VM (24.51-b03) for windows-amd64 JRE (1.7.0_51-b13), built on Dec 18 2013 18:40:56 by "java_re" with unknown MS VC++:1600

time: Sun Jun 01 01:12:08 2014
elapsed time: 5 seconds

