#
# A fatal error has been detected by the Java Runtime Environment:
#
#  EXCEPTION_UNCAUGHT_CXX_EXCEPTION (0xe06d7363) at pc=0x000007fefd99940d, pid=5864, tid=4092
#
# JRE version: Java(TM) SE Runtime Environment (7.0_51-b13) (build 1.7.0_51-b13)
# Java VM: Java HotSpot(TM) 64-Bit Server VM (24.51-b03 mixed mode windows-amd64 compressed oops)
# Problematic frame:
# C  [KERNELBASE.dll+0x940d]
#
# Failed to write core dump. Minidumps are not enabled by default on client versions of Windows
#
# If you would like to submit a bug report, please visit:
#   http://bugreport.sun.com/bugreport/crash.jsp
# The crash happened outside the Java Virtual Machine in native code.
# See problematic frame for where to report the bug.
#

---------------  T H R E A D  ---------------

Current thread (0x0000000001c8d800):  JavaThread "main" [_thread_in_native, id=4092, stack(0x00000000025c0000,0x00000000026c0000)]

siginfo: ExceptionCode=0xe06d7363, ExceptionInformation=0x0000000019930520 0x00000000026bf210 0x0000000072e15a00 0x0000000072d70000 

Registers:
RAX=0x0000000074042218, RBX=0x00000000026bf210, RCX=0x00000000026beaa0, RDX=0x00000000000000d0
RSP=0x00000000026bf0b0, RBP=0x00000000026bf1e0, RSI=0x000000000bbc4838, RDI=0x0000000072e15a00
R8 =0x0000000000000000, R9 =0x0000000000000000, R10=0x0000000072d70000, R11=0x00000000026bf0f0
R12=0x0000000000000000, R13=0x00000000bbca6800, R14=0x00000000026bf3f0, R15=0x0000000001c8d800
RIP=0x000007fefd99940d, EFLAGS=0x0000000000000206

Top of Stack: (sp=0x00000000026bf0b0)
0x00000000026bf0b0:   00000000026bf210 000000000bbc4838
0x00000000026bf0c0:   0000000072e15a00 0000000000048a90
0x00000000026bf0d0:   00000001e06d7363 0000000000000000
0x00000000026bf0e0:   000007fefd99940d 0000000000000004
0x00000000026bf0f0:   0000000019930520 00000000026bf210
0x00000000026bf100:   0000000072e15a00 0000000072d70000
0x00000000026bf110:   00000000026bf128 00000000026bf198
0x00000000026bf120:   00000000026c60f8 00000000ed925cd0
0x00000000026bf130:   00000000002a9b80 0000000077843c2a
0x00000000026bf140:   00000000026bf140 00000000bba2e5d5
0x00000000026bf150:   00000000026bf3f0 00000000bbca6800
0x00000000026bf160:   0000000000000000 0000000072e15a00
0x00000000026bf170:   000000000bbc4838 0000000072dd14f1
0x00000000026bf180:   00000000026bf210 00000000026bf1f0
0x00000000026bf190:   0000000000000001 0000000072d700f8
0x00000000026bf1a0:   00000001e06d7363 0000000000000000 

Instructions: (pc=0x000007fefd99940d)
0x000007fefd9993ed:   54 24 24 48 89 4c 24 28 4d 85 c9 0f 85 aa 18 00
0x000007fefd9993fd:   00 89 4c 24 38 48 8d 4c 24 20 ff 15 93 1e 04 00
0x000007fefd99940d:   48 81 c4 c8 00 00 00 c3 90 90 90 90 90 90 90 90
0x000007fefd99941d:   90 90 90 48 8b c4 48 83 ec 78 41 f7 c0 fe ff ff 


Register to memory mapping:

RAX=0x0000000074042218 is an unknown value
RBX=0x00000000026bf210 is pointing into the stack for thread: 0x0000000001c8d800
RCX=0x00000000026beaa0 is pointing into the stack for thread: 0x0000000001c8d800
RDX=0x00000000000000d0 is an unknown value
RSP=0x00000000026bf0b0 is pointing into the stack for thread: 0x0000000001c8d800
RBP=0x00000000026bf1e0 is pointing into the stack for thread: 0x0000000001c8d800
RSI=0x000000000bbc4838 is an unknown value
RDI=0x0000000072e15a00 is an unknown value
R8 =0x0000000000000000 is an unknown value
R9 =0x0000000000000000 is an unknown value
R10=0x0000000072d70000 is an unknown value
R11=0x00000000026bf0f0 is pointing into the stack for thread: 0x0000000001c8d800
R12=0x0000000000000000 is an unknown value
R13=0x00000000bbca6800 is an oop
{method} 
 - klass: {other class}
R14=0x00000000026bf3f0 is pointing into the stack for thread: 0x0000000001c8d800
R15=0x0000000001c8d800 is a thread


Stack: [0x00000000025c0000,0x00000000026c0000],  sp=0x00000000026bf0b0,  free space=1020k
Native frames: (J=compiled Java code, j=interpreted, Vv=VM code, C=native code)
C  [KERNELBASE.dll+0x940d]

Java frames: (J=compiled Java code, j=interpreted, Vv=VM code)
j  org.jsfml.graphics.Image.nativeCommit(IILjava/nio/Buffer;)V+0
j  org.jsfml.graphics.Image.commit()V+26
j  org.jsfml.graphics.Texture.loadFromImage(Lorg/jsfml/graphics/Image;Lorg/jsfml/graphics/IntRect;)V+1
j  org.jsfml.graphics.Texture.loadFromImage(Lorg/jsfml/graphics/Image;)V+5
J  alone.in.deepspace.engine.renderer.MiniMapRenderer.onDraw(Lorg/jsfml/graphics/RenderWindow;Lorg/jsfml/graphics/RenderStates;D)V
j  alone.in.deepspace.ui.panel.PanelShortcut.onDraw(Lorg/jsfml/graphics/RenderWindow;Lorg/jsfml/graphics/RenderStates;)V+7
j  alone.in.deepspace.engine.ui.View.draw(Lorg/jsfml/graphics/RenderWindow;Lorg/jsfml/graphics/RenderStates;)V+38
j  alone.in.deepspace.engine.ui.FrameLayout.draw(Lorg/jsfml/graphics/RenderWindow;Lorg/jsfml/graphics/RenderStates;)V+25
j  alone.in.deepspace.ui.UserInterface.onDraw(III)V+9
j  alone.in.deepspace.Game.onDraw(DI)V+33
j  alone.in.deepspace.Main.loop(Lorg/jsfml/graphics/RenderWindow;)V+460
j  alone.in.deepspace.Main.main([Ljava/lang/String;)V+85
v  ~StubRoutines::call_stub

---------------  P R O C E S S  ---------------

Java Threads: ( => current thread )
  0x00000000108d9000 JavaThread "pool-1-thread-4" [_thread_blocked, id=3404, stack(0x000000000db60000,0x000000000dc60000)]
  0x0000000010bbe800 JavaThread "pool-1-thread-3" [_thread_blocked, id=8104, stack(0x0000000011f10000,0x0000000012010000)]
  0x0000000014a8a800 JavaThread "pool-1-thread-2" [_thread_blocked, id=5964, stack(0x0000000016180000,0x0000000016280000)]
  0x0000000010d4c000 JavaThread "pool-1-thread-1" [_thread_blocked, id=8024, stack(0x000000000fb80000,0x000000000fc80000)]
  0x0000000008cbf000 JavaThread "Service Thread" daemon [_thread_blocked, id=7576, stack(0x000000000b730000,0x000000000b830000)]
  0x0000000008cb9800 JavaThread "C2 CompilerThread1" daemon [_thread_blocked, id=8128, stack(0x000000000b4c0000,0x000000000b5c0000)]
  0x0000000008cb5000 JavaThread "C2 CompilerThread0" daemon [_thread_blocked, id=6544, stack(0x000000000b330000,0x000000000b430000)]
  0x0000000008cb2800 JavaThread "Attach Listener" daemon [_thread_blocked, id=1172, stack(0x000000000b130000,0x000000000b230000)]
  0x0000000008cb2000 JavaThread "Signal Dispatcher" daemon [_thread_blocked, id=6852, stack(0x000000000af40000,0x000000000b040000)]
  0x0000000008ca0800 JavaThread "Finalizer" daemon [_thread_blocked, id=448, stack(0x000000000abc0000,0x000000000acc0000)]
  0x0000000008c9f800 JavaThread "Reference Handler" daemon [_thread_blocked, id=8172, stack(0x000000000ad00000,0x000000000ae00000)]
=>0x0000000001c8d800 JavaThread "main" [_thread_in_native, id=4092, stack(0x00000000025c0000,0x00000000026c0000)]

Other Threads:
  0x0000000008c9c800 VMThread [stack: 0x000000000aac0000,0x000000000abc0000] [id=7236]
  0x0000000009b54000 WatcherThread [stack: 0x000000000b610000,0x000000000b710000] [id=4616]

VM state:not at safepoint (normal execution)

VM Mutex/Monitor currently owned by a thread: None

Heap
 PSYoungGen      total 127488K, used 73779K [0x00000000eae80000, 0x00000000f8480000, 0x0000000100000000)
  eden space 97792K, 45% used [0x00000000eae80000,0x00000000ed98f610,0x00000000f0e00000)
  from space 29696K, 99% used [0x00000000f0e00000,0x00000000f2afd7b0,0x00000000f2b00000)
  to   space 41472K, 0% used [0x00000000f5c00000,0x00000000f5c00000,0x00000000f8480000)
 ParOldGen       total 119808K, used 96059K [0x00000000c0c00000, 0x00000000c8100000, 0x00000000eae80000)
  object space 119808K, 80% used [0x00000000c0c00000,0x00000000c69ced10,0x00000000c8100000)
 PSPermGen       total 21504K, used 8200K [0x00000000bba00000, 0x00000000bcf00000, 0x00000000c0c00000)
  object space 21504K, 38% used [0x00000000bba00000,0x00000000bc202200,0x00000000bcf00000)

Card table byte_map: [0x00000000056c0000,0x00000000058f0000] byte_map_base: 0x00000000050e3000

Polling page: 0x0000000000220000

Code Cache  [0x00000000026c0000, 0x0000000002930000, 0x00000000056c0000)
 total_blobs=660 nmethods=375 adapters=237 free_code_cache=47725Kb largest_free_block=48834624

Compilation events (10 events):
Event: 4.896 Thread 0x0000000008cb9800  376             alone.in.deepspace.engine.renderer.WorldRenderer::refreshItems (141 bytes)
Event: 4.901 Thread 0x0000000008cb9800 nmethod 376 0x00000000028217d0 code [0x0000000002821980, 0x0000000002821f50]
Event: 4.916 Thread 0x0000000008cb5000  377             org.newdawn.slick.util.pathfinding.AStarPathFinder::<init> (199 bytes)
Event: 4.918 Thread 0x0000000008cb9800  378             org.newdawn.slick.util.pathfinding.AStarPathFinder::findPath (672 bytes)
Event: 4.928 Thread 0x0000000008cb5000 nmethod 377 0x0000000002823fd0 code [0x00000000028241a0, 0x0000000002824b38]
Event: 4.940 Thread 0x0000000008cb9800 nmethod 378 0x000000000282a050 code [0x000000000282a360, 0x000000000282b930]
Event: 5.836 Thread 0x0000000008cb5000  379 %           alone.in.deepspace.manager.ResourceManager::update @ 28 (69 bytes)
Event: 5.842 Thread 0x0000000008cb5000 nmethod 379% 0x0000000002827550 code [0x00000000028276a0, 0x0000000002827d58]
Event: 7.836 Thread 0x0000000008cb9800  380             alone.in.deepspace.manager.ResourceManager::update (69 bytes)
Event: 7.841 Thread 0x0000000008cb9800 nmethod 380 0x00000000028269d0 code [0x0000000002826b20, 0x0000000002827078]

GC Heap History (10 events):
Event: 2.625 GC heap before
{Heap before GC invocations=7 (full 1):
 PSYoungGen      total 36352K, used 36342K [0x00000000eae80000, 0x00000000f1300000, 0x0000000100000000)
  eden space 33792K, 100% used [0x00000000eae80000,0x00000000ecf80000,0x00000000ecf80000)
  from space 2560K, 99% used [0x00000000ecf80000,0x00000000ed1fdbd8,0x00000000ed200000)
  to   space 23040K, 0% used [0x00000000efc80000,0x00000000efc80000,0x00000000f1300000)
 ParOldGen       total 76800K, used 51645K [0x00000000c0c00000, 0x00000000c5700000, 0x00000000eae80000)
  object space 76800K, 67% used [0x00000000c0c00000,0x00000000c3e6f628,0x00000000c5700000)
 PSPermGen       total 21504K, used 7608K [0x00000000bba00000, 0x00000000bcf00000, 0x00000000c0c00000)
  object space 21504K, 35% used [0x00000000bba00000,0x00000000bc16e3d0,0x00000000bcf00000)
Event: 2.637 GC heap after
Heap after GC invocations=7 (full 1):
 PSYoungGen      total 81408K, used 12658K [0x00000000eae80000, 0x00000000f1400000, 0x0000000100000000)
  eden space 58368K, 0% used [0x00000000eae80000,0x00000000eae80000,0x00000000ee780000)
  from space 23040K, 54% used [0x00000000efc80000,0x00000000f08dc9a0,0x00000000f1300000)
  to   space 21504K, 0% used [0x00000000ee780000,0x00000000ee780000,0x00000000efc80000)
 ParOldGen       total 76800K, used 51645K [0x00000000c0c00000, 0x00000000c5700000, 0x00000000eae80000)
  object space 76800K, 67% used [0x00000000c0c00000,0x00000000c3e6f628,0x00000000c5700000)
 PSPermGen       total 21504K, used 7608K [0x00000000bba00000, 0x00000000bcf00000, 0x00000000c0c00000)
  object space 21504K, 35% used [0x00000000bba00000,0x00000000bc16e3d0,0x00000000bcf00000)
}
Event: 2.873 GC heap before
{Heap before GC invocations=8 (full 1):
 PSYoungGen      total 81408K, used 71026K [0x00000000eae80000, 0x00000000f1400000, 0x0000000100000000)
  eden space 58368K, 100% used [0x00000000eae80000,0x00000000ee780000,0x00000000ee780000)
  from space 23040K, 54% used [0x00000000efc80000,0x00000000f08dc9a0,0x00000000f1300000)
  to   space 21504K, 0% used [0x00000000ee780000,0x00000000ee780000,0x00000000efc80000)
 ParOldGen       total 76800K, used 51645K [0x00000000c0c00000, 0x00000000c5700000, 0x00000000eae80000)
  object space 76800K, 67% used [0x00000000c0c00000,0x00000000c3e6f628,0x00000000c5700000)
 PSPermGen       total 21504K, used 7613K [0x00000000bba00000, 0x00000000bcf00000, 0x00000000c0c00000)
  object space 21504K, 35% used [0x00000000bba00000,0x00000000bc16f7a8,0x00000000bcf00000)
Event: 2.897 GC heap after
Heap after GC invocations=8 (full 1):
 PSYoungGen      total 79872K, used 21481K [0x00000000eae80000, 0x00000000f4b80000, 0x0000000100000000)
  eden space 58368K, 0% used [0x00000000eae80000,0x00000000eae80000,0x00000000ee780000)
  from space 21504K, 99% used [0x00000000ee780000,0x00000000efc7a540,0x00000000efc80000)
  to   space 28672K, 0% used [0x00000000f2f80000,0x00000000f2f80000,0x00000000f4b80000)
 ParOldGen       total 76800K, used 60021K [0x00000000c0c00000, 0x00000000c5700000, 0x00000000eae80000)
  object space 76800K, 78% used [0x00000000c0c00000,0x00000000c469d628,0x00000000c5700000)
 PSPermGen       total 21504K, used 7613K [0x00000000bba00000, 0x00000000bcf00000, 0x00000000c0c00000)
  object space 21504K, 35% used [0x00000000bba00000,0x00000000bc16f7a8,0x00000000bcf00000)
}
Event: 2.897 GC heap before
{Heap before GC invocations=9 (full 2):
 PSYoungGen      total 79872K, used 21481K [0x00000000eae80000, 0x00000000f4b80000, 0x0000000100000000)
  eden space 58368K, 0% used [0x00000000eae80000,0x00000000eae80000,0x00000000ee780000)
  from space 21504K, 99% used [0x00000000ee780000,0x00000000efc7a540,0x00000000efc80000)
  to   space 28672K, 0% used [0x00000000f2f80000,0x00000000f2f80000,0x00000000f4b80000)
 ParOldGen       total 76800K, used 60021K [0x00000000c0c00000, 0x00000000c5700000, 0x00000000eae80000)
  object space 76800K, 78% used [0x00000000c0c00000,0x00000000c469d628,0x00000000c5700000)
 PSPermGen       total 21504K, used 7613K [0x00000000bba00000, 0x00000000bcf00000, 0x00000000c0c00000)
  object space 21504K, 35% used [0x00000000bba00000,0x00000000bc16f7a8,0x00000000bcf00000)
Event: 3.090 GC heap after
Heap after GC invocations=9 (full 2):
 PSYoungGen      total 79872K, used 3555K [0x00000000eae80000, 0x00000000f4b80000, 0x0000000100000000)
  eden space 58368K, 0% used [0x00000000eae80000,0x00000000eae80000,0x00000000ee780000)
  from space 21504K, 16% used [0x00000000ee780000,0x00000000eeaf8c48,0x00000000efc80000)
  to   space 28672K, 0% used [0x00000000f2f80000,0x00000000f2f80000,0x00000000f4b80000)
 ParOldGen       total 119808K, used 76731K [0x00000000c0c00000, 0x00000000c8100000, 0x00000000eae80000)
  object space 119808K, 64% used [0x00000000c0c00000,0x00000000c56eed10,0x00000000c8100000)
 PSPermGen       total 21504K, used 7612K [0x00000000bba00000, 0x00000000bcf00000, 0x00000000c0c00000)
  object space 21504K, 35% used [0x00000000bba00000,0x00000000bc16f238,0x00000000bcf00000)
}
Event: 3.269 GC heap before
{Heap before GC invocations=10 (full 2):
 PSYoungGen      total 79872K, used 61923K [0x00000000eae80000, 0x00000000f4b80000, 0x0000000100000000)
  eden space 58368K, 100% used [0x00000000eae80000,0x00000000ee780000,0x00000000ee780000)
  from space 21504K, 16% used [0x00000000ee780000,0x00000000eeaf8c48,0x00000000efc80000)
  to   space 28672K, 0% used [0x00000000f2f80000,0x00000000f2f80000,0x00000000f4b80000)
 ParOldGen       total 119808K, used 76731K [0x00000000c0c00000, 0x00000000c8100000, 0x00000000eae80000)
  object space 119808K, 64% used [0x00000000c0c00000,0x00000000c56eed10,0x00000000c8100000)
 PSPermGen       total 21504K, used 7615K [0x00000000bba00000, 0x00000000bcf00000, 0x00000000c0c00000)
  object space 21504K, 35% used [0x00000000bba00000,0x00000000bc16ffe0,0x00000000bcf00000)
Event: 3.299 GC heap after
Heap after GC invocations=10 (full 2):
 PSYoungGen      total 122880K, used 20800K [0x00000000eae80000, 0x00000000f4800000, 0x0000000100000000)
  eden space 97792K, 0% used [0x00000000eae80000,0x00000000eae80000,0x00000000f0e00000)
  from space 25088K, 82% used [0x00000000f2f80000,0x00000000f43d0000,0x00000000f4800000)
  to   space 29696K, 0% used [0x00000000f0e00000,0x00000000f0e00000,0x00000000f2b00000)
 ParOldGen       total 119808K, used 76731K [0x00000000c0c00000, 0x00000000c8100000, 0x00000000eae80000)
  object space 119808K, 64% used [0x00000000c0c00000,0x00000000c56eed10,0x00000000c8100000)
 PSPermGen       total 21504K, used 7615K [0x00000000bba00000, 0x00000000bcf00000, 0x00000000c0c00000)
  object space 21504K, 35% used [0x00000000bba00000,0x00000000bc16ffe0,0x00000000bcf00000)
}
Event: 3.728 GC heap before
{Heap before GC invocations=11 (full 2):
 PSYoungGen      total 122880K, used 118592K [0x00000000eae80000, 0x00000000f4800000, 0x0000000100000000)
  eden space 97792K, 100% used [0x00000000eae80000,0x00000000f0e00000,0x00000000f0e00000)
  from space 25088K, 82% used [0x00000000f2f80000,0x00000000f43d0000,0x00000000f4800000)
  to   space 29696K, 0% used [0x00000000f0e00000,0x00000000f0e00000,0x00000000f2b00000)
 ParOldGen       total 119808K, used 76731K [0x00000000c0c00000, 0x00000000c8100000, 0x00000000eae80000)
  object space 119808K, 64% used [0x00000000c0c00000,0x00000000c56eed10,0x00000000c8100000)
 PSPermGen       total 21504K, used 7811K [0x00000000bba00000, 0x00000000bcf00000, 0x00000000c0c00000)
  object space 21504K, 36% used [0x00000000bba00000,0x00000000bc1a0e88,0x00000000bcf00000)
Event: 3.773 GC heap after
Heap after GC invocations=11 (full 2):
 PSYoungGen      total 127488K, used 29685K [0x00000000eae80000, 0x00000000f8480000, 0x0000000100000000)
  eden space 97792K, 0% used [0x00000000eae80000,0x00000000eae80000,0x00000000f0e00000)
  from space 29696K, 99% used [0x00000000f0e00000,0x00000000f2afd7b0,0x00000000f2b00000)
  to   space 41472K, 0% used [0x00000000f5c00000,0x00000000f5c00000,0x00000000f8480000)
 ParOldGen       total 119808K, used 96059K [0x00000000c0c00000, 0x00000000c8100000, 0x00000000eae80000)
  object space 119808K, 80% used [0x00000000c0c00000,0x00000000c69ced10,0x00000000c8100000)
 PSPermGen       total 21504K, used 7811K [0x00000000bba00000, 0x00000000bcf00000, 0x00000000c0c00000)
  object space 21504K, 36% used [0x00000000bba00000,0x00000000bc1a0e88,0x00000000bcf00000)
}

Deoptimization events (10 events):
Event: 4.033 Thread 0x0000000001c8d800 Uncommon trap: reason=class_check action=maybe_recompile pc=0x00000000027f2ef4 method=org.jsfml.graphics.RenderTexture.draw(Lorg/jsfml/graphics/Drawable;Lorg/jsfml/graphics/RenderStates;)V @ 3
Event: 4.033 Thread 0x0000000001c8d800 Uncommon trap: reason=class_check action=maybe_recompile pc=0x00000000027f2ef4 method=org.jsfml.graphics.RenderTexture.draw(Lorg/jsfml/graphics/Drawable;Lorg/jsfml/graphics/RenderStates;)V @ 3
Event: 4.033 Thread 0x0000000001c8d800 Uncommon trap: reason=class_check action=maybe_recompile pc=0x00000000027f2ef4 method=org.jsfml.graphics.RenderTexture.draw(Lorg/jsfml/graphics/Drawable;Lorg/jsfml/graphics/RenderStates;)V @ 3
Event: 4.033 Thread 0x0000000001c8d800 Uncommon trap: reason=class_check action=maybe_recompile pc=0x00000000027f2ef4 method=org.jsfml.graphics.RenderTexture.draw(Lorg/jsfml/graphics/Drawable;Lorg/jsfml/graphics/RenderStates;)V @ 3
Event: 4.033 Thread 0x0000000001c8d800 Uncommon trap: reason=class_check action=maybe_recompile pc=0x00000000027f1250 method=org.jsfml.graphics.RenderTexture.draw(Lorg/jsfml/graphics/Drawable;Lorg/jsfml/graphics/RenderStates;)V @ 3
Event: 4.066 Thread 0x0000000001c8d800 Uncommon trap: reason=unreached action=reinterpret pc=0x00000000027fd814 method=alone.in.deepspace.engine.renderer.WorldRenderer.refreshFloor(IIII)V @ 79
Event: 4.105 Thread 0x0000000001c8d800 Uncommon trap: reason=null_check action=make_not_entrant pc=0x00000000027fea68 method=alone.in.deepspace.manager.SpriteManager.getSprite(IIIIII)Lorg/jsfml/graphics/Sprite; @ 29
Event: 4.107 Thread 0x0000000001c8d800 Uncommon trap: reason=unreached action=reinterpret pc=0x00000000028007ec method=alone.in.deepspace.engine.renderer.WorldRenderer.refreshStructure(IIII)V @ 166
Event: 4.317 Thread 0x0000000014a8a800 Uncommon trap: reason=unreached action=reinterpret pc=0x0000000002825c8c method=org.newdawn.slick.util.pathfinding.AStarPathFinder.<init>(Lorg/newdawn/slick/util/pathfinding/TileBasedMap;IZ[[Lorg/newdawn/slick/util/pathfinding/AStarPathFinder$Node;[[Lorg/ne0•Òc«@
Event: 4.917 Thread 0x0000000010bbe800 Uncommon trap: reason=unreached action=reinterpret pc=0x0000000002822bd0 method=org.newdawn.slick.util.pathfinding.AStarPathFinder.findPath(Lorg/newdawn/slick/util/pathfinding/Mover;IIII)Lorg/newdawn/slick/util/pathfinding/Path; @ 570

Internal exceptions (10 events):
Event: 4.279 Thread 0x0000000010d4c000 Threw 0x00000000ecbc05d8 at C:\re\jdk7u51\527\hotspot\src\share\vm\prims\jvm.cpp:1244
Event: 4.279 Thread 0x0000000010d4c000 Threw 0x00000000ecbc3408 at C:\re\jdk7u51\527\hotspot\src\share\vm\prims\jvm.cpp:1244
Event: 4.293 Thread 0x0000000010d4c000 Threw 0x00000000ecbc6138 at C:\re\jdk7u51\527\hotspot\src\share\vm\prims\jvm.cpp:1244
Event: 4.294 Thread 0x0000000014a8a800 Threw 0x00000000ecda0e68 at C:\re\jdk7u51\527\hotspot\src\share\vm\prims\jvm.cpp:1244
Event: 4.308 Thread 0x0000000010d4c000 Threw 0x00000000ecbc9a90 at C:\re\jdk7u51\527\hotspot\src\share\vm\prims\jvm.cpp:1244
Event: 4.321 Thread 0x0000000010d4c000 Threw 0x00000000ecd3baa8 at C:\re\jdk7u51\527\hotspot\src\share\vm\prims\jvm.cpp:1244
Event: 4.326 Thread 0x0000000010d4c000 Threw 0x00000000ecd3f9a0 at C:\re\jdk7u51\527\hotspot\src\share\vm\prims\jvm.cpp:1244
Event: 4.327 Thread 0x0000000010d4c000 Threw 0x00000000ecd41af8 at C:\re\jdk7u51\527\hotspot\src\share\vm\prims\jvm.cpp:1244
Event: 4.375 Thread 0x0000000001c8d800 Threw 0x00000000ecac63f0 at C:\re\jdk7u51\527\hotspot\src\share\vm\prims\jvm.cpp:1244
Event: 5.834 Thread 0x0000000001c8d800 Threw 0x00000000ed7dbf60 at C:\re\jdk7u51\527\hotspot\src\share\vm\prims\jvm.cpp:1244

Events (10 events):
Event: 4.917 Thread 0x0000000010bbe800 Uncommon trap: trap_request=0xffffffad fr.pc=0x0000000002822bd0
Event: 4.917 Thread 0x0000000010bbe800 DEOPT PACKING pc=0x0000000002822bd0 sp=0x000000001200f170
Event: 4.917 Thread 0x0000000010bbe800 DEOPT UNPACKING pc=0x00000000026f75a4 sp=0x000000001200f110 mode 2
Event: 5.024 Executing VM operation: RevokeBias
Event: 5.024 Executing VM operation: RevokeBias done
Event: 5.024 Thread 0x00000000108d9000 Thread added: 0x00000000108d9000
Event: 5.144 Executing VM operation: RevokeBias
Event: 5.144 Executing VM operation: RevokeBias done
Event: 5.834 loading class 0x0000000009cccb40
Event: 5.834 loading class 0x0000000009cccb40 done


Dynamic libraries:
0x000000013fd10000 - 0x000000013fd43000 	C:\Program Files\Java\jre7\bin\javaw.exe
0x0000000077810000 - 0x00000000779b9000 	C:\Windows\SYSTEM32\ntdll.dll
0x00000000776f0000 - 0x000000007780f000 	C:\Windows\system32\kernel32.dll
0x000007fefd990000 - 0x000007fefd9fc000 	C:\Windows\system32\KERNELBASE.dll
0x000007fefe1b0000 - 0x000007fefe28b000 	C:\Windows\system32\ADVAPI32.dll
0x000007feff880000 - 0x000007feff91f000 	C:\Windows\system32\msvcrt.dll
0x000007fefe3f0000 - 0x000007fefe40f000 	C:\Windows\SYSTEM32\sechost.dll
0x000007fefda00000 - 0x000007fefdb2d000 	C:\Windows\system32\RPCRT4.dll
0x00000000775f0000 - 0x00000000776ea000 	C:\Windows\system32\USER32.dll
0x000007feff2f0000 - 0x000007feff357000 	C:\Windows\system32\GDI32.dll
0x000007fefde90000 - 0x000007fefde9e000 	C:\Windows\system32\LPK.dll
0x000007fefe490000 - 0x000007fefe559000 	C:\Windows\system32\USP10.dll
0x000007fefc050000 - 0x000007fefc244000 	C:\Windows\WinSxS\amd64_microsoft.windows.common-controls_6595b64144ccf1df_6.0.7601.17514_none_fa396087175ac9ac\COMCTL32.dll
0x000007fefe410000 - 0x000007fefe481000 	C:\Windows\system32\SHLWAPI.dll
0x000007feff850000 - 0x000007feff87e000 	C:\Windows\system32\IMM32.DLL
0x000007fefe2e0000 - 0x000007fefe3e9000 	C:\Windows\system32\MSCTF.dll
0x0000000072d70000 - 0x0000000072e42000 	C:\Program Files\Java\jre7\bin\msvcr100.dll
0x0000000063fc0000 - 0x0000000064789000 	C:\Program Files\Java\jre7\bin\server\jvm.dll
0x000007fefbde0000 - 0x000007fefbde9000 	C:\Windows\system32\WSOCK32.dll
0x000007fefe290000 - 0x000007fefe2dd000 	C:\Windows\system32\WS2_32.dll
0x000007fefdd60000 - 0x000007fefdd68000 	C:\Windows\system32\NSI.dll
0x000007fefb120000 - 0x000007fefb15b000 	C:\Windows\system32\WINMM.dll
0x00000000779d0000 - 0x00000000779d7000 	C:\Windows\system32\PSAPI.DLL
0x0000000072d60000 - 0x0000000072d6f000 	C:\Program Files\Java\jre7\bin\verify.dll
0x0000000072d30000 - 0x0000000072d58000 	C:\Program Files\Java\jre7\bin\java.dll
0x0000000072d10000 - 0x0000000072d25000 	C:\Program Files\Java\jre7\bin\zip.dll
0x0000000072cf0000 - 0x0000000072d09000 	C:\Program Files\Java\jre7\bin\net.dll
0x000007fefce00000 - 0x000007fefce55000 	C:\Windows\system32\mswsock.dll
0x000007fefcdf0000 - 0x000007fefcdf7000 	C:\Windows\System32\wship6.dll
0x0000000072cd0000 - 0x0000000072ce1000 	C:\Program Files\Java\jre7\bin\nio.dll
0x0000000070440000 - 0x0000000070682000 	C:\Users\Alex\.jsfml\windows_x64\libsndfile-1.dll
0x000007fef6630000 - 0x000007fef669c000 	C:\Users\Alex\.jsfml\windows_x64\openal32.dll
0x000007fefe560000 - 0x000007feff2e8000 	C:\Windows\system32\SHELL32.dll
0x000007feff380000 - 0x000007feff583000 	C:\Windows\system32\ole32.dll
0x000007fefbf40000 - 0x000007fefbf4e000 	C:\Users\Alex\.jsfml\windows_x64\sfml-system-2.dll
0x00000000712d0000 - 0x0000000071368000 	C:\Windows\system32\MSVCP100.dll
0x000007fefbf20000 - 0x000007fefbf34000 	C:\Users\Alex\.jsfml\windows_x64\sfml-window-2.dll
0x000007fef48e0000 - 0x000007fef49fd000 	C:\Windows\system32\OPENGL32.dll
0x000007fef5b20000 - 0x000007fef5b4d000 	C:\Windows\system32\GLU32.dll
0x000007fef2750000 - 0x000007fef2841000 	C:\Windows\system32\DDRAW.dll
0x000007fef5b10000 - 0x000007fef5b18000 	C:\Windows\system32\DCIMAN32.dll
0x000007feff670000 - 0x000007feff847000 	C:\Windows\system32\SETUPAPI.dll
0x000007fefd860000 - 0x000007fefd896000 	C:\Windows\system32\CFGMGR32.dll
0x000007feff590000 - 0x000007feff667000 	C:\Windows\system32\OLEAUT32.dll
0x000007fefd840000 - 0x000007fefd85a000 	C:\Windows\system32\DEVOBJ.dll
0x000007fefb820000 - 0x000007fefb838000 	C:\Windows\system32\dwmapi.dll
0x000007fefabf0000 - 0x000007fefac03000 	C:\Users\Alex\.jsfml\windows_x64\sfml-audio-2.dll
0x000007fef5530000 - 0x000007fef5619000 	C:\Users\Alex\.jsfml\windows_x64\sfml-graphics-2.dll
0x000007fef75d0000 - 0x000007fef7605000 	C:\Users\Alex\.jsfml\windows_x64\jsfml.dll
0x000007fefbbf0000 - 0x000007fefbc46000 	C:\Windows\system32\uxtheme.dll
0x000000006b800000 - 0x000000006d626000 	C:\Windows\system32\nvoglv64.DLL
0x000007fefc710000 - 0x000007fefc71c000 	C:\Windows\system32\VERSION.dll
0x000007fefd7f0000 - 0x000007fefd82a000 	C:\Windows\system32\WINTRUST.dll
0x000007fefd680000 - 0x000007fefd7ec000 	C:\Windows\system32\CRYPT32.dll
0x000007fefd670000 - 0x000007fefd67f000 	C:\Windows\system32\MSASN1.dll
0x000007fefb4c0000 - 0x000007fefb4ed000 	C:\Windows\system32\ntmarta.dll
0x000007fefdea0000 - 0x000007fefdef2000 	C:\Windows\system32\WLDAP32.dll
0x000007fef6600000 - 0x000007fef662e000 	C:\Windows\system32\DINPUT.DLL
0x000007fefbdc0000 - 0x000007fefbdcb000 	C:\Windows\system32\HID.DLL
0x000007fefd500000 - 0x000007fefd50f000 	C:\Windows\system32\CRYPTBASE.dll
0x0000000067500000 - 0x000000006750d000 	C:\Users\Alex\workspace\DS5\src\JNILight.dll
0x0000000073580000 - 0x0000000073715000 	C:\Program Files\Java\jre7\bin\awt.dll

VM Arguments:
jvm_args: -Djava.library.path=C:\Users\Alex\workspace\DS5\src -verbose:gc -Dfile.encoding=Cp1252 
java_command: alone.in.deepspace.Main
Launcher Type: SUN_STANDARD

Environment Variables:
PATH=C:\Program Files (x86)\NVIDIA Corporation\PhysX\Common;C:\Program Files\Common Files\Microsoft Shared\Windows Live;C:\Program Files (x86)\Intel\iCLS Client\;C:\Program Files\Intel\iCLS Client\;C:\Windows\system32;C:\Windows;C:\Windows\System32\Wbem;C:\Program Files\Intel\Intel(R) Management Engine Components\DAL;C:\Program Files\Intel\Intel(R) Management Engine Components\IPT;C:\Program Files (x86)\Intel\Intel(R) Management Engine Components\DAL;C:\Program Files (x86)\Intel\Intel(R) Management Engine Components\IPT;C:\Windows\System32\WindowsPowerShell\v1.0\;C:\Windows\System32\WindowsPowerShell\v1.0\;C:\Program Files (x86)\GtkSharp\2.12\bin;C:\apache-ant-1.9.3\bin;C:\Program Files\Java\jdk1.7.0_51\bin;C:\MinGW\bin;C:\Program Files\TortoiseHg\;C:\Program Files\Common Files\Microsoft Shared\Windows Live
USERNAME=Alex
OS=Windows_NT
PROCESSOR_IDENTIFIER=Intel64 Family 6 Model 58 Stepping 9, GenuineIntel



---------------  S Y S T E M  ---------------

OS: Windows 7 , 64 bit Build 7601 Service Pack 1

CPU:total 8 (4 cores per cpu, 2 threads per core) family 6 model 58 stepping 9, cmov, cx8, fxsr, mmx, sse, sse2, sse3, ssse3, sse4.1, sse4.2, popcnt, avx, aes, erms, ht, tsc, tscinvbit, tscinv

Memory: 4k page, physical 4144932k(1020712k free), swap 9915808k(5172k free)

vm_info: Java HotSpot(TM) 64-Bit Server VM (24.51-b03) for windows-amd64 JRE (1.7.0_51-b13), built on Dec 18 2013 18:40:56 by "java_re" with unknown MS VC++:1600

time: Sun Jun 01 01:33:58 2014
elapsed time: 8 seconds

