#
# There is insufficient memory for the Java Runtime Environment to continue.
# Native memory allocation (malloc) failed to allocate 445696 bytes for Chunk::new
# Possible reasons:
#   The system is out of physical RAM or swap space
#   In 32 bit mode, the process size limit was hit
# Possible solutions:
#   Reduce memory load on the system
#   Increase physical memory or swap space
#   Check if swap backing store is full
#   Use 64 bit Java on a 64 bit OS
#   Decrease Java heap size (-Xmx/-Xms)
#   Decrease number of Java threads
#   Decrease Java thread stack sizes (-Xss)
#   Set larger code cache with -XX:ReservedCodeCacheSize=
# This output file may be truncated or incomplete.
#
#  Out of Memory Error (allocation.cpp:323), pid=3484, tid=6060
#
# JRE version: Java(TM) SE Runtime Environment (7.0_51-b13) (build 1.7.0_51-b13)
# Java VM: Java HotSpot(TM) 64-Bit Server VM (24.51-b03 mixed mode windows-amd64 compressed oops)
# Failed to write core dump. Minidumps are not enabled by default on client versions of Windows
#

---------------  T H R E A D  ---------------

Current thread (0x0000000008955000):  JavaThread "C2 CompilerThread0" daemon [_thread_in_native, id=6060, stack(0x000000000b3e0000,0x000000000b4e0000)]

Stack: [0x000000000b3e0000,0x000000000b4e0000]

Current CompileTask:
C2:   3242  228 %           org.xmlpull.mxp1.MXParser::parseStartTag @ 81 (1195 bytes)


---------------  P R O C E S S  ---------------

Java Threads: ( => current thread )
  0x000000000895f000 JavaThread "Service Thread" daemon [_thread_blocked, id=5964, stack(0x000000000b5a0000,0x000000000b6a0000)]
  0x0000000008959800 JavaThread "C2 CompilerThread1" daemon [_thread_in_native, id=7516, stack(0x000000000b060000,0x000000000b160000)]
=>0x0000000008955000 JavaThread "C2 CompilerThread0" daemon [_thread_in_native, id=6060, stack(0x000000000b3e0000,0x000000000b4e0000)]
  0x0000000008952800 JavaThread "Attach Listener" daemon [_thread_blocked, id=2540, stack(0x000000000b180000,0x000000000b280000)]
  0x0000000008952000 JavaThread "Signal Dispatcher" daemon [_thread_blocked, id=6096, stack(0x000000000aa30000,0x000000000ab30000)]
  0x0000000008940800 JavaThread "Finalizer" daemon [_thread_blocked, id=1184, stack(0x000000000af10000,0x000000000b010000)]
  0x000000000893f800 JavaThread "Reference Handler" daemon [_thread_blocked, id=7800, stack(0x000000000ad90000,0x000000000ae90000)]
  0x00000000001ed800 JavaThread "main" [_thread_in_Java, id=7312, stack(0x00000000024f0000,0x00000000025f0000)]

Other Threads:
  0x000000000893c800 VMThread [stack: 0x000000000abd0000,0x000000000acd0000] [id=7680]
  0x0000000009b24000 WatcherThread [stack: 0x000000000b740000,0x000000000b840000] [id=7700]

VM state:not at safepoint (normal execution)

VM Mutex/Monitor currently owned by a thread: None

Heap
 PSYoungGen      total 78336K, used 66372K [0x00000000eae80000, 0x00000000f1180000, 0x0000000100000000)
  eden space 55808K, 95% used [0x00000000eae80000,0x00000000ee2c4980,0x00000000ee500000)
  from space 22528K, 57% used [0x00000000ef980000,0x00000000f060c980,0x00000000f0f80000)
  to   space 20992K, 0% used [0x00000000ee500000,0x00000000ee500000,0x00000000ef980000)
 ParOldGen       total 77824K, used 52165K [0x00000000c0c00000, 0x00000000c5800000, 0x00000000eae80000)
  object space 77824K, 67% used [0x00000000c0c00000,0x00000000c3ef1700,0x00000000c5800000)
 PSPermGen       total 21504K, used 7615K [0x00000000bba00000, 0x00000000bcf00000, 0x00000000c0c00000)
  object space 21504K, 35% used [0x00000000bba00000,0x00000000bc16fdf8,0x00000000bcf00000)

Card table byte_map: [0x00000000055f0000,0x0000000005820000] byte_map_base: 0x0000000005013000

Polling page: 0x0000000000430000

Code Cache  [0x00000000025f0000, 0x0000000002860000, 0x00000000055f0000)
 total_blobs=502 nmethods=232 adapters=222 free_code_cache=48219Kb largest_free_block=49348480

Compilation events (10 events):
Event: 3.012 Thread 0x0000000008955000  226 %           com.thoughtworks.xstream.converters.collections.CollectionConverter::populateCollection @ 0 (34 bytes)
Event: 3.014 Thread 0x0000000008955000 nmethod 226% 0x00000000026d6990 code [0x00000000026d6b20, 0x00000000026d6ed0]
Event: 3.138 Thread 0x0000000008959800  227             java.util.HashMap::put (142 bytes)
Event: 3.142 Thread 0x0000000008959800 nmethod 227 0x00000000026d5350 code [0x00000000026d5520, 0x00000000026d5ac0]
Event: 3.185 Thread 0x0000000008955000  228 %           org.xmlpull.mxp1.MXParser::parseStartTag @ 81 (1195 bytes)
Event: 3.192 Thread 0x0000000008959800  229             java.lang.Long::valueOf (36 bytes)
Event: 3.193 Thread 0x0000000008959800 nmethod 229 0x00000000026cdf50 code [0x00000000026ce0a0, 0x00000000026ce178]
Event: 3.193 Thread 0x0000000008959800  230             com.thoughtworks.xstream.converters.SingleValueConverterWrapper::unmarshal (11 bytes)
Event: 3.216 Thread 0x0000000008959800 nmethod 230 0x00000000026db8d0 code [0x00000000026dbb00, 0x00000000026dc900]
Event: 3.216 Thread 0x0000000008959800  231             com.thoughtworks.xstream.io.ReaderWrapper::getValue (10 bytes)

GC Heap History (10 events):
Event: 0.943 GC heap before
{Heap before GC invocations=3 (full 0):
 PSYoungGen      total 19456K, used 19453K [0x00000000eae80000, 0x00000000ed480000, 0x0000000100000000)
  eden space 16896K, 100% used [0x00000000eae80000,0x00000000ebf00000,0x00000000ebf00000)
  from space 2560K, 99% used [0x00000000ec180000,0x00000000ec3ff7d8,0x00000000ec400000)
  to   space 2560K, 0% used [0x00000000ebf00000,0x00000000ebf00000,0x00000000ec180000)
 ParOldGen       total 43008K, used 20786K [0x00000000c0c00000, 0x00000000c3600000, 0x00000000eae80000)
  object space 43008K, 48% used [0x00000000c0c00000,0x00000000c204ca98,0x00000000c3600000)
 PSPermGen       total 21504K, used 5463K [0x00000000bba00000, 0x00000000bcf00000, 0x00000000c0c00000)
  object space 21504K, 25% used [0x00000000bba00000,0x00000000bbf55e80,0x00000000bcf00000)
Event: 0.954 GC heap after
Heap after GC invocations=3 (full 0):
 PSYoungGen      total 19456K, used 2541K [0x00000000eae80000, 0x00000000ed480000, 0x0000000100000000)
  eden space 16896K, 0% used [0x00000000eae80000,0x00000000eae80000,0x00000000ebf00000)
  from space 2560K, 99% used [0x00000000ebf00000,0x00000000ec17b7c8,0x00000000ec180000)
  to   space 2560K, 0% used [0x00000000ed200000,0x00000000ed200000,0x00000000ed480000)
 ParOldGen       total 43008K, used 36534K [0x00000000c0c00000, 0x00000000c3600000, 0x00000000eae80000)
  object space 43008K, 84% used [0x00000000c0c00000,0x00000000c2fadac8,0x00000000c3600000)
 PSPermGen       total 21504K, used 5463K [0x00000000bba00000, 0x00000000bcf00000, 0x00000000c0c00000)
  object space 21504K, 25% used [0x00000000bba00000,0x00000000bbf55e80,0x00000000bcf00000)
}
Event: 0.954 GC heap before
{Heap before GC invocations=4 (full 1):
 PSYoungGen      total 19456K, used 2541K [0x00000000eae80000, 0x00000000ed480000, 0x0000000100000000)
  eden space 16896K, 0% used [0x00000000eae80000,0x00000000eae80000,0x00000000ebf00000)
  from space 2560K, 99% used [0x00000000ebf00000,0x00000000ec17b7c8,0x00000000ec180000)
  to   space 2560K, 0% used [0x00000000ed200000,0x00000000ed200000,0x00000000ed480000)
 ParOldGen       total 43008K, used 36534K [0x00000000c0c00000, 0x00000000c3600000, 0x00000000eae80000)
  object space 43008K, 84% used [0x00000000c0c00000,0x00000000c2fadac8,0x00000000c3600000)
 PSPermGen       total 21504K, used 5463K [0x00000000bba00000, 0x00000000bcf00000, 0x00000000c0c00000)
  object space 21504K, 25% used [0x00000000bba00000,0x00000000bbf55e80,0x00000000bcf00000)
Event: 1.015 GC heap after
Heap after GC invocations=4 (full 1):
 PSYoungGen      total 19456K, used 0K [0x00000000eae80000, 0x00000000ed480000, 0x0000000100000000)
  eden space 16896K, 0% used [0x00000000eae80000,0x00000000eae80000,0x00000000ebf00000)
  from space 2560K, 0% used [0x00000000ebf00000,0x00000000ebf00000,0x00000000ec180000)
  to   space 2560K, 0% used [0x00000000ed200000,0x00000000ed200000,0x00000000ed480000)
 ParOldGen       total 77824K, used 36771K [0x00000000c0c00000, 0x00000000c5800000, 0x00000000eae80000)
  object space 77824K, 47% used [0x00000000c0c00000,0x00000000c2fe8f08,0x00000000c5800000)
 PSPermGen       total 21504K, used 5462K [0x00000000bba00000, 0x00000000bcf00000, 0x00000000c0c00000)
  object space 21504K, 25% used [0x00000000bba00000,0x00000000bbf55848,0x00000000bcf00000)
}
Event: 2.767 GC heap before
{Heap before GC invocations=5 (full 1):
 PSYoungGen      total 19456K, used 16896K [0x00000000eae80000, 0x00000000ed480000, 0x0000000100000000)
  eden space 16896K, 100% used [0x00000000eae80000,0x00000000ebf00000,0x00000000ebf00000)
  from space 2560K, 0% used [0x00000000ebf00000,0x00000000ebf00000,0x00000000ec180000)
  to   space 2560K, 0% used [0x00000000ed200000,0x00000000ed200000,0x00000000ed480000)
 ParOldGen       total 77824K, used 36771K [0x00000000c0c00000, 0x00000000c5800000, 0x00000000eae80000)
  object space 77824K, 47% used [0x00000000c0c00000,0x00000000c2fe8f08,0x00000000c5800000)
 PSPermGen       total 21504K, used 7600K [0x00000000bba00000, 0x00000000bcf00000, 0x00000000c0c00000)
  object space 21504K, 35% used [0x00000000bba00000,0x00000000bc16c268,0x00000000bcf00000)
Event: 2.773 GC heap after
Heap after GC invocations=5 (full 1):
 PSYoungGen      total 33280K, used 2528K [0x00000000eae80000, 0x00000000ed480000, 0x0000000100000000)
  eden space 30720K, 0% used [0x00000000eae80000,0x00000000eae80000,0x00000000ecc80000)
  from space 2560K, 98% used [0x00000000ed200000,0x00000000ed478010,0x00000000ed480000)
  to   space 2560K, 0% used [0x00000000ecf80000,0x00000000ecf80000,0x00000000ed200000)
 ParOldGen       total 77824K, used 40949K [0x00000000c0c00000, 0x00000000c5800000, 0x00000000eae80000)
  object space 77824K, 52% used [0x00000000c0c00000,0x00000000c33fd6f0,0x00000000c5800000)
 PSPermGen       total 21504K, used 7600K [0x00000000bba00000, 0x00000000bcf00000, 0x00000000c0c00000)
  object space 21504K, 35% used [0x00000000bba00000,0x00000000bc16c268,0x00000000bcf00000)
}
Event: 2.968 GC heap before
{Heap before GC invocations=6 (full 1):
 PSYoungGen      total 33280K, used 33248K [0x00000000eae80000, 0x00000000ed480000, 0x0000000100000000)
  eden space 30720K, 100% used [0x00000000eae80000,0x00000000ecc80000,0x00000000ecc80000)
  from space 2560K, 98% used [0x00000000ed200000,0x00000000ed478010,0x00000000ed480000)
  to   space 2560K, 0% used [0x00000000ecf80000,0x00000000ecf80000,0x00000000ed200000)
 ParOldGen       total 77824K, used 40949K [0x00000000c0c00000, 0x00000000c5800000, 0x00000000eae80000)
  object space 77824K, 52% used [0x00000000c0c00000,0x00000000c33fd6f0,0x00000000c5800000)
 PSPermGen       total 21504K, used 7610K [0x00000000bba00000, 0x00000000bcf00000, 0x00000000c0c00000)
  object space 21504K, 35% used [0x00000000bba00000,0x00000000bc16eb48,0x00000000bcf00000)
Event: 2.980 GC heap after
Heap after GC invocations=6 (full 1):
 PSYoungGen      total 36352K, used 2550K [0x00000000eae80000, 0x00000000f0f80000, 0x0000000100000000)
  eden space 33792K, 0% used [0x00000000eae80000,0x00000000eae80000,0x00000000ecf80000)
  from space 2560K, 99% used [0x00000000ecf80000,0x00000000ed1fdba8,0x00000000ed200000)
  to   space 22528K, 0% used [0x00000000ef980000,0x00000000ef980000,0x00000000f0f80000)
 ParOldGen       total 77824K, used 52165K [0x00000000c0c00000, 0x00000000c5800000, 0x00000000eae80000)
  object space 77824K, 67% used [0x00000000c0c00000,0x00000000c3ef1700,0x00000000c5800000)
 PSPermGen       total 21504K, used 7610K [0x00000000bba00000, 0x00000000bcf00000, 0x00000000c0c00000)
  object space 21504K, 35% used [0x00000000bba00000,0x00000000bc16eb48,0x00000000bcf00000)
}
Event: 3.055 GC heap before
{Heap before GC invocations=7 (full 1):
 PSYoungGen      total 36352K, used 36342K [0x00000000eae80000, 0x00000000f0f80000, 0x0000000100000000)
  eden space 33792K, 100% used [0x00000000eae80000,0x00000000ecf80000,0x00000000ecf80000)
  from space 2560K, 99% used [0x00000000ecf80000,0x00000000ed1fdba8,0x00000000ed200000)
  to   space 22528K, 0% used [0x00000000ef980000,0x00000000ef980000,0x00000000f0f80000)
 ParOldGen       total 77824K, used 52165K [0x00000000c0c00000, 0x00000000c5800000, 0x00000000eae80000)
  object space 77824K, 67% used [0x00000000c0c00000,0x00000000c3ef1700,0x00000000c5800000)
 PSPermGen       total 21504K, used 7610K [0x00000000bba00000, 0x00000000bcf00000, 0x00000000c0c00000)
  object space 21504K, 35% used [0x00000000bba00000,0x00000000bc16eb48,0x00000000bcf00000)
Event: 3.068 GC heap after
Heap after GC invocations=7 (full 1):
 PSYoungGen      total 78336K, used 12850K [0x00000000eae80000, 0x00000000f1180000, 0x0000000100000000)
  eden space 55808K, 0% used [0x00000000eae80000,0x00000000eae80000,0x00000000ee500000)
  from space 22528K, 57% used [0x00000000ef980000,0x00000000f060c980,0x00000000f0f80000)
  to   space 20992K, 0% used [0x00000000ee500000,0x00000000ee500000,0x00000000ef980000)
 ParOldGen       total 77824K, used 52165K [0x00000000c0c00000, 0x00000000c5800000, 0x00000000eae80000)
  object space 77824K, 67% used [0x00000000c0c00000,0x00000000c3ef1700,0x00000000c5800000)
 PSPermGen       total 21504K, used 7610K [0x00000000bba00000, 0x00000000bcf00000, 0x00000000c0c00000)
  object space 21504K, 35% used [0x00000000bba00000,0x00000000bc16eb48,0x00000000bcf00000)
}

Deoptimization events (10 events):
Event: 3.180 Thread 0x00000000001ed800 Uncommon trap: reason=unreached action=reinterpret pc=0x00000000026c9978 method=java.util.WeakHashMap.get(Ljava/lang/Object;)Ljava/lang/Object; @ 35
Event: 3.180 Thread 0x00000000001ed800 Uncommon trap: reason=unreached action=reinterpret pc=0x00000000026c0700 method=java.util.WeakHashMap.get(Ljava/lang/Object;)Ljava/lang/Object; @ 35
Event: 3.180 Thread 0x00000000001ed800 Uncommon trap: reason=null_check action=make_not_entrant pc=0x00000000026d633c method=com.thoughtworks.xstream.converters.reflection.SerializationMethodInvoker.getMethod(Ljava/lang/Class;Ljava/lang/String;[Ljava/lang/Class;)Ljava/lang/reflect/Method; @ 28
Event: 3.180 Thread 0x00000000001ed800 Uncommon trap: reason=null_check action=make_not_entrant pc=0x00000000026ce5c4 method=com.thoughtworks.xstream.converters.reflection.SerializationMethodInvoker.getMethod(Ljava/lang/Class;Ljava/lang/String;[Ljava/lang/Class;)Ljava/lang/reflect/Method; @ 28
Event: 3.180 Thread 0x00000000001ed800 Uncommon trap: reason=unreached action=reinterpret pc=0x00000000026c5e90 method=com.thoughtworks.xstream.converters.reflection.AbstractReflectionConverter.doUnmarshal(Ljava/lang/Object;Lcom/thoughtworks/xstream/io/HierarchicalStreamReader;Lcom/thoughtworks
Event: 3.180 Thread 0x00000000001ed800 Uncommon trap: reason=class_check action=maybe_recompile pc=0x00000000026b8210 method=com.thoughtworks.xstream.converters.SingleValueConverterWrapper.fromString(Ljava/lang/String;)Ljava/lang/Object; @ 5
Event: 3.180 Thread 0x00000000001ed800 Uncommon trap: reason=unreached action=reinterpret pc=0x000000000269d278 method=java.util.WeakHashMap.eq(Ljava/lang/Object;Ljava/lang/Object;)Z @ 2
Event: 3.180 Thread 0x00000000001ed800 Uncommon trap: reason=class_check action=maybe_recompile pc=0x00000000026b8210 method=com.thoughtworks.xstream.converters.SingleValueConverterWrapper.fromString(Ljava/lang/String;)Ljava/lang/Object; @ 5
Event: 3.180 Thread 0x00000000001ed800 Uncommon trap: reason=class_check action=maybe_recompile pc=0x00000000026b8210 method=com.thoughtworks.xstream.converters.SingleValueConverterWrapper.fromString(Ljava/lang/String;)Ljava/lang/Object; @ 5
Event: 3.181 Thread 0x00000000001ed800 Uncommon trap: reason=class_check action=maybe_recompile pc=0x00000000026bcf1c method=com.thoughtworks.xstream.converters.SingleValueConverterWrapper.fromString(Ljava/lang/String;)Ljava/lang/Object; @ 5

Internal exceptions (10 events):
Event: 2.533 Thread 0x00000000001ed800 Threw 0x00000000eb6489d8 at C:\re\jdk7u51\527\hotspot\src\share\vm\prims\jvm.cpp:1244
Event: 2.533 Thread 0x00000000001ed800 Threw 0x00000000eb64a3e0 at C:\re\jdk7u51\527\hotspot\src\share\vm\prims\jvm.cpp:1244
Event: 2.591 Thread 0x00000000001ed800 Threw 0x00000000eb7744a8 at C:\re\jdk7u51\527\hotspot\src\share\vm\prims\jvm.cpp:1244
Event: 2.675 Thread 0x00000000001ed800 Threw 0x00000000eba248f8 at C:\re\jdk7u51\527\hotspot\src\share\vm\prims\jvm.cpp:1244
Event: 3.179 Thread 0x00000000001ed800 Implicit null exception at 0x00000000026b125f to 0x00000000026b2b61
Event: 3.180 Thread 0x00000000001ed800 Implicit null exception at 0x00000000026a3e44 to 0x00000000026a42a1
Event: 3.180 Thread 0x00000000001ed800 Implicit null exception at 0x0000000002688133 to 0x0000000002689da1
Event: 3.180 Thread 0x00000000001ed800 Implicit null exception at 0x00000000026a5773 to 0x00000000026a580d
Event: 3.180 Thread 0x00000000001ed800 Implicit null exception at 0x00000000026d624c to 0x00000000026d6321
Event: 3.180 Thread 0x00000000001ed800 Implicit null exception at 0x00000000026ce500 to 0x00000000026ce5a1

Events (10 events):
Event: 3.180 Thread 0x00000000001ed800 DEOPT UNPACKING pc=0x00000000026275a4 sp=0x00000000025ee380 mode 2
Event: 3.180 Thread 0x00000000001ed800 Uncommon trap: trap_request=0xffffffde fr.pc=0x00000000026b8210
Event: 3.180 Thread 0x00000000001ed800 DEOPT PACKING pc=0x00000000026b8210 sp=0x00000000025ee710
Event: 3.180 Thread 0x00000000001ed800 DEOPT UNPACKING pc=0x00000000026275a4 sp=0x00000000025ee5c0 mode 2
Event: 3.180 Thread 0x00000000001ed800 Uncommon trap: trap_request=0xffffffde fr.pc=0x00000000026b8210
Event: 3.180 Thread 0x00000000001ed800 DEOPT PACKING pc=0x00000000026b8210 sp=0x00000000025ee710
Event: 3.180 Thread 0x00000000001ed800 DEOPT UNPACKING pc=0x00000000026275a4 sp=0x00000000025ee5c0 mode 2
Event: 3.181 Thread 0x00000000001ed800 Uncommon trap: trap_request=0xffffffde fr.pc=0x00000000026bcf1c
Event: 3.181 Thread 0x00000000001ed800 DEOPT PACKING pc=0x00000000026bcf1c sp=0x00000000025ee560
Event: 3.181 Thread 0x00000000001ed800 DEOPT UNPACKING pc=0x00000000026275a4 sp=0x00000000025ee4a8 mode 2


Dynamic libraries:
0x000000013fb90000 - 0x000000013fbc3000 	C:\Program Files\Java\jre7\bin\javaw.exe
0x0000000077810000 - 0x00000000779b9000 	C:\Windows\SYSTEM32\ntdll.dll
0x00000000776f0000 - 0x000000007780f000 	C:\Windows\system32\kernel32.dll
0x000007fefd990000 - 0x000007fefd9fc000 	C:\Windows\system32\KERNELBASE.dll
0x000007fefe1b0000 - 0x000007fefe28b000 	C:\Windows\system32\ADVAPI32.dll
0x000007feff880000 - 0x000007feff91f000 	C:\Windows\system32\msvcrt.dll
0x000007fefe3f0000 - 0x000007fefe40f000 	C:\Windows\SYSTEM32\sechost.dll
0x000007fefda00000 - 0x000007fefdb2d000 	C:\Windows\system32\RPCRT4.dll
0x00000000775f0000 - 0x00000000776ea000 	C:\Windows\system32\USER32.dll
0x000007feff2f0000 - 0x000007feff357000 	C:\Windows\system32\GDI32.dll
0x000007fefde90000 - 0x000007fefde9e000 	C:\Windows\system32\LPK.dll
0x000007fefe490000 - 0x000007fefe559000 	C:\Windows\system32\USP10.dll
0x000007fefc050000 - 0x000007fefc244000 	C:\Windows\WinSxS\amd64_microsoft.windows.common-controls_6595b64144ccf1df_6.0.7601.17514_none_fa396087175ac9ac\COMCTL32.dll
0x000007fefe410000 - 0x000007fefe481000 	C:\Windows\system32\SHLWAPI.dll
0x000007feff850000 - 0x000007feff87e000 	C:\Windows\system32\IMM32.DLL
0x000007fefe2e0000 - 0x000007fefe3e9000 	C:\Windows\system32\MSCTF.dll
0x0000000072d70000 - 0x0000000072e42000 	C:\Program Files\Java\jre7\bin\msvcr100.dll
0x0000000063fc0000 - 0x0000000064789000 	C:\Program Files\Java\jre7\bin\server\jvm.dll
0x000007fefbde0000 - 0x000007fefbde9000 	C:\Windows\system32\WSOCK32.dll
0x000007fefe290000 - 0x000007fefe2dd000 	C:\Windows\system32\WS2_32.dll
0x000007fefdd60000 - 0x000007fefdd68000 	C:\Windows\system32\NSI.dll
0x000007fefb120000 - 0x000007fefb15b000 	C:\Windows\system32\WINMM.dll
0x00000000779d0000 - 0x00000000779d7000 	C:\Windows\system32\PSAPI.DLL
0x0000000072d60000 - 0x0000000072d6f000 	C:\Program Files\Java\jre7\bin\verify.dll
0x0000000072d30000 - 0x0000000072d58000 	C:\Program Files\Java\jre7\bin\java.dll
0x0000000072d10000 - 0x0000000072d25000 	C:\Program Files\Java\jre7\bin\zip.dll
0x0000000072cf0000 - 0x0000000072d09000 	C:\Program Files\Java\jre7\bin\net.dll
0x000007fefce00000 - 0x000007fefce55000 	C:\Windows\system32\mswsock.dll
0x000007fefcdf0000 - 0x000007fefcdf7000 	C:\Windows\System32\wship6.dll
0x0000000072cd0000 - 0x0000000072ce1000 	C:\Program Files\Java\jre7\bin\nio.dll
0x0000000070440000 - 0x0000000070682000 	C:\Users\Alex\.jsfml\windows_x64\libsndfile-1.dll
0x000007fef5780000 - 0x000007fef57ec000 	C:\Users\Alex\.jsfml\windows_x64\openal32.dll
0x000007fefe560000 - 0x000007feff2e8000 	C:\Windows\system32\SHELL32.dll
0x000007feff380000 - 0x000007feff583000 	C:\Windows\system32\ole32.dll
0x000007fefbf30000 - 0x000007fefbf3e000 	C:\Users\Alex\.jsfml\windows_x64\sfml-system-2.dll
0x00000000712d0000 - 0x0000000071368000 	C:\Windows\system32\MSVCP100.dll
0x000007fefabf0000 - 0x000007fefac04000 	C:\Users\Alex\.jsfml\windows_x64\sfml-window-2.dll
0x000007fef48e0000 - 0x000007fef49fd000 	C:\Windows\system32\OPENGL32.dll
0x000007fef5b20000 - 0x000007fef5b4d000 	C:\Windows\system32\GLU32.dll
0x000007fef2750000 - 0x000007fef2841000 	C:\Windows\system32\DDRAW.dll
0x000007fef5b10000 - 0x000007fef5b18000 	C:\Windows\system32\DCIMAN32.dll
0x000007feff670000 - 0x000007feff847000 	C:\Windows\system32\SETUPAPI.dll
0x000007fefd860000 - 0x000007fefd896000 	C:\Windows\system32\CFGMGR32.dll
0x000007feff590000 - 0x000007feff667000 	C:\Windows\system32\OLEAUT32.dll
0x000007fefd840000 - 0x000007fefd85a000 	C:\Windows\system32\DEVOBJ.dll
0x000007fefb820000 - 0x000007fefb838000 	C:\Windows\system32\dwmapi.dll
0x000007fef75f0000 - 0x000007fef7603000 	C:\Users\Alex\.jsfml\windows_x64\sfml-audio-2.dll
0x000007fef4d80000 - 0x000007fef4e69000 	C:\Users\Alex\.jsfml\windows_x64\sfml-graphics-2.dll
0x000007fef7560000 - 0x000007fef7595000 	C:\Users\Alex\.jsfml\windows_x64\jsfml.dll
0x000007fefbbf0000 - 0x000007fefbc46000 	C:\Windows\system32\uxtheme.dll
0x000000006b800000 - 0x000000006d626000 	C:\Windows\system32\nvoglv64.DLL
0x000007fefc710000 - 0x000007fefc71c000 	C:\Windows\system32\VERSION.dll
0x000007fefd7f0000 - 0x000007fefd82a000 	C:\Windows\system32\WINTRUST.dll
0x000007fefd680000 - 0x000007fefd7ec000 	C:\Windows\system32\CRYPT32.dll
0x000007fefd670000 - 0x000007fefd67f000 	C:\Windows\system32\MSASN1.dll
0x000007fefb4c0000 - 0x000007fefb4ed000 	C:\Windows\system32\ntmarta.dll
0x000007fefdea0000 - 0x000007fefdef2000 	C:\Windows\system32\WLDAP32.dll
0x000007fef75c0000 - 0x000007fef75ee000 	C:\Windows\system32\DINPUT.DLL
0x000007fefbdc0000 - 0x000007fefbdcb000 	C:\Windows\system32\HID.DLL
0x000007fefd500000 - 0x000007fefd50f000 	C:\Windows\system32\CRYPTBASE.dll
0x0000000067500000 - 0x000000006750d000 	C:\Users\Alex\workspace\DS5\src\JNILight.dll

VM Arguments:
jvm_args: -Djava.library.path=C:\Users\Alex\workspace\DS5\src -verbose:gc -Dfile.encoding=Cp1252 
java_command: alone.in.deepspace.Main
Launcher Type: SUN_STANDARD

Environment Variables:
PATH=C:\Program Files (x86)\NVIDIA Corporation\PhysX\Common;C:\Program Files\Common Files\Microsoft Shared\Windows Live;C:\Program Files (x86)\Intel\iCLS Client\;C:\Program Files\Intel\iCLS Client\;C:\Windows\system32;C:\Windows;C:\Windows\System32\Wbem;C:\Program Files\Intel\Intel(R) Management Engine Components\DAL;C:\Program Files\Intel\Intel(R) Management Engine Components\IPT;C:\Program Files (x86)\Intel\Intel(R) Management Engine Components\DAL;C:\Program Files (x86)\Intel\Intel(R) Management Engine Components\IPT;C:\Windows\System32\WindowsPowerShell\v1.0\;C:\Windows\System32\WindowsPowerShell\v1.0\;C:\Program Files (x86)\GtkSharp\2.12\bin;C:\apache-ant-1.9.3\bin;C:\Program Files\Java\jdk1.7.0_51\bin;C:\MinGW\bin;C:\Program Files\TortoiseHg\;C:\Program Files\Common Files\Microsoft Shared\Windows Live
USERNAME=Alex
OS=Windows_NT
PROCESSOR_IDENTIFIER=Intel64 Family 6 Model 58 Stepping 9, GenuineIntel



---------------  S Y S T E M  ---------------

OS: Windows 7 , 64 bit Build 7601 Service Pack 1

CPU:total 8 (4 cores per cpu, 2 threads per core) family 6 model 58 stepping 9, cmov, cx8, fxsr, mmx, sse, sse2, sse3, ssse3, sse4.1, sse4.2, popcnt, avx, aes, erms, ht, tsc, tscinvbit, tscinv

Memory: 4k page, physical 4144932k(713792k free), swap 9671908k(21320k free)

vm_info: Java HotSpot(TM) 64-Bit Server VM (24.51-b03) for windows-amd64 JRE (1.7.0_51-b13), built on Dec 18 2013 18:40:56 by "java_re" with unknown MS VC++:1600

time: Sun Jun 01 00:41:01 2014
elapsed time: 3 seconds

